{"C:\\Users\\dtamp\\Desktop\\authentication-microservice\\src\\index.js": {"path":"C:\\Users\\dtamp\\Desktop\\authentication-microservice\\src\\index.js","statementMap":{"0":{"start":{"line":1,"column":13},"end":{"line":1,"column":28}},"1":{"start":{"line":3,"column":0},"end":{"line":3,"column":70}},"2":{"start":{"line":4,"column":16},"end":{"line":4,"column":34}},"3":{"start":{"line":5,"column":15},"end":{"line":5,"column":32}},"4":{"start":{"line":6,"column":19},"end":{"line":6,"column":41}},"5":{"start":{"line":7,"column":15},"end":{"line":7,"column":32}},"6":{"start":{"line":8,"column":20},"end":{"line":8,"column":42}},"7":{"start":{"line":9,"column":13},"end":{"line":9,"column":28}},"8":{"start":{"line":10,"column":16},"end":{"line":10,"column":40}},"9":{"start":{"line":11,"column":15},"end":{"line":11,"column":34}},"10":{"start":{"line":12,"column":19},"end":{"line":12,"column":38}},"11":{"start":{"line":14,"column":12},"end":{"line":14,"column":21}},"12":{"start":{"line":15,"column":0},"end":{"line":15,"column":18}},"13":{"start":{"line":16,"column":0},"end":{"line":16,"column":16}},"14":{"start":{"line":20,"column":0},"end":{"line":20,"column":23}},"15":{"start":{"line":21,"column":0},"end":{"line":23,"column":1}},"16":{"start":{"line":22,"column":2},"end":{"line":22,"column":25}},"17":{"start":{"line":24,"column":0},"end":{"line":24,"column":27}},"18":{"start":{"line":25,"column":0},"end":{"line":25,"column":50}},"19":{"start":{"line":28,"column":0},"end":{"line":28,"column":11}},"20":{"start":{"line":31,"column":0},"end":{"line":31,"column":21}},"21":{"start":{"line":34,"column":0},"end":{"line":34,"column":15}},"22":{"start":{"line":36,"column":13},"end":{"line":36,"column":44}},"23":{"start":{"line":37,"column":0},"end":{"line":39,"column":91}},"24":{"start":{"line":39,"column":2},"end":{"line":39,"column":89}},"25":{"start":{"line":41,"column":0},"end":{"line":41,"column":21}}},"fnMap":{"0":{"name":"(anonymous_0)","decl":{"start":{"line":37,"column":17},"end":{"line":37,"column":18}},"loc":{"start":{"line":39,"column":2},"end":{"line":39,"column":89}},"line":39}},"branchMap":{"0":{"loc":{"start":{"line":21,"column":0},"end":{"line":23,"column":1}},"type":"if","locations":[{"start":{"line":21,"column":0},"end":{"line":23,"column":1}},{"start":{"line":21,"column":0},"end":{"line":23,"column":1}}],"line":21},"1":{"loc":{"start":{"line":36,"column":13},"end":{"line":36,"column":44}},"type":"binary-expr","locations":[{"start":{"line":36,"column":13},"end":{"line":36,"column":36}},{"start":{"line":36,"column":40},"end":{"line":36,"column":44}}],"line":36}},"s":{"0":7,"1":7,"2":7,"3":7,"4":7,"5":7,"6":7,"7":7,"8":7,"9":7,"10":7,"11":7,"12":7,"13":7,"14":7,"15":7,"16":0,"17":7,"18":7,"19":7,"20":7,"21":7,"22":7,"23":7,"24":7,"25":7},"f":{"0":7},"b":{"0":[0,7],"1":[7,0]},"_coverageSchema":"43e27e138ebf9cfc5966b082cf9a028302ed4184","hash":"88925655efa4dafef903f6ad7c344eea83c2d413","contentHash":"f8e3fd205c3e6bc253095f570faabf6d9a473904b4c25bcbe879bd07898e5d59"}
,"C:\\Users\\dtamp\\Desktop\\authentication-microservice\\src\\config\\index.js": {"path":"C:\\Users\\dtamp\\Desktop\\authentication-microservice\\src\\config\\index.js","statementMap":{"0":{"start":{"line":1,"column":17},"end":{"line":1,"column":38}},"1":{"start":{"line":3,"column":0},"end":{"line":3,"column":28}}},"fnMap":{},"branchMap":{},"s":{"0":7,"1":7},"f":{},"b":{},"_coverageSchema":"43e27e138ebf9cfc5966b082cf9a028302ed4184","hash":"2b03dbfe55939a66a885bc6d9ff9448ade6c899b","contentHash":"d7eac3a78bae8fa67c5d80d1e10d8c292c437d8d53f1369f86f5bf84a625dfc8"}
,"C:\\Users\\dtamp\\Desktop\\authentication-microservice\\src\\config\\mongoose.js": {"path":"C:\\Users\\dtamp\\Desktop\\authentication-microservice\\src\\config\\mongoose.js","statementMap":{"0":{"start":{"line":1,"column":17},"end":{"line":1,"column":36}},"1":{"start":{"line":3,"column":24},"end":{"line":12,"column":1}},"2":{"start":{"line":13,"column":19},"end":{"line":15,"column":45}},"3":{"start":{"line":17,"column":0},"end":{"line":20,"column":2}},"4":{"start":{"line":19,"column":2},"end":{"line":19,"column":69}}},"fnMap":{"0":{"name":"(anonymous_0)","decl":{"start":{"line":17,"column":17},"end":{"line":17,"column":18}},"loc":{"start":{"line":17,"column":23},"end":{"line":20,"column":1}},"line":17}},"branchMap":{"0":{"loc":{"start":{"line":13,"column":19},"end":{"line":15,"column":45}},"type":"cond-expr","locations":[{"start":{"line":14,"column":4},"end":{"line":14,"column":27}},{"start":{"line":15,"column":4},"end":{"line":15,"column":45}}],"line":13}},"s":{"0":7,"1":7,"2":7,"3":7,"4":7},"f":{"0":7},"b":{"0":[0,7]},"_coverageSchema":"43e27e138ebf9cfc5966b082cf9a028302ed4184","hash":"cde8bfe69ea4a94b128c7b72643c9959fbd2ffce","contentHash":"24836f192832bf5c4fef5a367b41e4e805293b3de6698c1368fe8958e7f0a9eb"}
,"C:\\Users\\dtamp\\Desktop\\authentication-microservice\\src\\middlewares\\authorization.js": {"path":"C:\\Users\\dtamp\\Desktop\\authentication-microservice\\src\\middlewares\\authorization.js","statementMap":{"0":{"start":{"line":1,"column":12},"end":{"line":1,"column":35}},"1":{"start":{"line":2,"column":65},"end":{"line":2,"column":81}},"2":{"start":{"line":5,"column":15},"end":{"line":5,"column":40}},"3":{"start":{"line":7,"column":0},"end":{"line":45,"column":2}},"4":{"start":{"line":12,"column":2},"end":{"line":44,"column":9}},"5":{"start":{"line":14,"column":6},"end":{"line":16,"column":50}},"6":{"start":{"line":18,"column":11},"end":{"line":18,"column":48}},"7":{"start":{"line":19,"column":11},"end":{"line":19,"column":43}},"8":{"start":{"line":25,"column":8},"end":{"line":28,"column":10}},"9":{"start":{"line":30,"column":8},"end":{"line":42,"column":18}},"10":{"start":{"line":31,"column":10},"end":{"line":42,"column":17}},"11":{"start":{"line":32,"column":19},"end":{"line":32,"column":30}},"12":{"start":{"line":34,"column":14},"end":{"line":37,"column":16}},"13":{"start":{"line":39,"column":14},"end":{"line":39,"column":36}},"14":{"start":{"line":40,"column":14},"end":{"line":40,"column":28}}},"fnMap":{"0":{"name":"(anonymous_0)","decl":{"start":{"line":7,"column":17},"end":{"line":7,"column":18}},"loc":{"start":{"line":7,"column":37},"end":{"line":45,"column":1}},"line":7},"1":{"name":"(anonymous_1)","decl":{"start":{"line":13,"column":4},"end":{"line":13,"column":5}},"loc":{"start":{"line":14,"column":6},"end":{"line":16,"column":50}},"line":14},"2":{"name":"(anonymous_2)","decl":{"start":{"line":18,"column":6},"end":{"line":18,"column":7}},"loc":{"start":{"line":18,"column":11},"end":{"line":18,"column":48}},"line":18},"3":{"name":"(anonymous_3)","decl":{"start":{"line":19,"column":6},"end":{"line":19,"column":7}},"loc":{"start":{"line":19,"column":11},"end":{"line":19,"column":43}},"line":19},"4":{"name":"(anonymous_4)","decl":{"start":{"line":24,"column":6},"end":{"line":24,"column":7}},"loc":{"start":{"line":25,"column":8},"end":{"line":28,"column":10}},"line":25},"5":{"name":"(anonymous_5)","decl":{"start":{"line":29,"column":6},"end":{"line":29,"column":7}},"loc":{"start":{"line":30,"column":8},"end":{"line":42,"column":18}},"line":30},"6":{"name":"(anonymous_6)","decl":{"start":{"line":30,"column":34},"end":{"line":30,"column":35}},"loc":{"start":{"line":31,"column":10},"end":{"line":42,"column":17}},"line":31},"7":{"name":"(anonymous_7)","decl":{"start":{"line":32,"column":12},"end":{"line":32,"column":13}},"loc":{"start":{"line":32,"column":19},"end":{"line":32,"column":30}},"line":32},"8":{"name":"(anonymous_8)","decl":{"start":{"line":33,"column":12},"end":{"line":33,"column":13}},"loc":{"start":{"line":34,"column":14},"end":{"line":37,"column":16}},"line":34},"9":{"name":"(anonymous_9)","decl":{"start":{"line":38,"column":12},"end":{"line":38,"column":13}},"loc":{"start":{"line":38,"column":28},"end":{"line":41,"column":13}},"line":38}},"branchMap":{"0":{"loc":{"start":{"line":14,"column":6},"end":{"line":16,"column":50}},"type":"binary-expr","locations":[{"start":{"line":14,"column":6},"end":{"line":14,"column":33}},{"start":{"line":15,"column":13},"end":{"line":15,"column":51}},{"start":{"line":16,"column":13},"end":{"line":16,"column":50}}],"line":14},"1":{"loc":{"start":{"line":18,"column":11},"end":{"line":18,"column":48}},"type":"binary-expr","locations":[{"start":{"line":18,"column":11},"end":{"line":18,"column":20}},{"start":{"line":18,"column":24},"end":{"line":18,"column":48}}],"line":18}},"s":{"0":7,"1":7,"2":7,"3":7,"4":10,"5":10,"6":10,"7":0,"8":2,"9":8,"10":8,"11":8,"12":2,"13":6,"14":6},"f":{"0":10,"1":10,"2":10,"3":0,"4":2,"5":8,"6":8,"7":8,"8":2,"9":6},"b":{"0":[10,10,10],"1":[10,8]},"_coverageSchema":"43e27e138ebf9cfc5966b082cf9a028302ed4184","hash":"b2dcce1460df22b9b5c9f1c5338d66c89011df8f","contentHash":"7c5cf1023613a7f2ac2c1b7f9aae69dfa13a58b21767afa52e92e149c5b977af"}
,"C:\\Users\\dtamp\\Desktop\\authentication-microservice\\src\\middlewares\\error.js": {"path":"C:\\Users\\dtamp\\Desktop\\authentication-microservice\\src\\middlewares\\error.js","statementMap":{"0":{"start":{"line":2,"column":62},"end":{"line":2,"column":78}},"1":{"start":{"line":4,"column":39},"end":{"line":8,"column":1}},"2":{"start":{"line":5,"column":40},"end":{"line":5,"column":77}},"3":{"start":{"line":10,"column":0},"end":{"line":20,"column":11}},"4":{"start":{"line":15,"column":2},"end":{"line":20,"column":10}},"5":{"start":{"line":16,"column":10},"end":{"line":16,"column":36}},"6":{"start":{"line":19,"column":14},"end":{"line":19,"column":52}}},"fnMap":{"0":{"name":"(anonymous_0)","decl":{"start":{"line":5,"column":34},"end":{"line":5,"column":35}},"loc":{"start":{"line":5,"column":40},"end":{"line":5,"column":77}},"line":5},"1":{"name":"(anonymous_1)","decl":{"start":{"line":10,"column":17},"end":{"line":10,"column":18}},"loc":{"start":{"line":15,"column":2},"end":{"line":20,"column":10}},"line":15},"2":{"name":"(anonymous_2)","decl":{"start":{"line":16,"column":4},"end":{"line":16,"column":5}},"loc":{"start":{"line":16,"column":10},"end":{"line":16,"column":36}},"line":16},"3":{"name":"(anonymous_3)","decl":{"start":{"line":19,"column":4},"end":{"line":19,"column":5}},"loc":{"start":{"line":19,"column":14},"end":{"line":19,"column":52}},"line":19}},"branchMap":{},"s":{"0":7,"1":7,"2":0,"3":7,"4":27,"5":27,"6":27},"f":{"0":0,"1":27,"2":27,"3":27},"b":{},"_coverageSchema":"43e27e138ebf9cfc5966b082cf9a028302ed4184","hash":"cac22cab764631e591c3657602efae5cf8122325","contentHash":"91f85cc54d52338d36213d1dc625169a38c4e174e989ad0cee5130ca8afdb050"}
,"C:\\Users\\dtamp\\Desktop\\authentication-microservice\\src\\middlewares\\identification.js": {"path":"C:\\Users\\dtamp\\Desktop\\authentication-microservice\\src\\middlewares\\identification.js","statementMap":{"0":{"start":{"line":1,"column":31},"end":{"line":1,"column":47}},"1":{"start":{"line":3,"column":0},"end":{"line":16,"column":2}},"2":{"start":{"line":8,"column":2},"end":{"line":15,"column":9}},"3":{"start":{"line":9,"column":9},"end":{"line":9,"column":70}},"4":{"start":{"line":10,"column":10},"end":{"line":10,"column":16}},"5":{"start":{"line":11,"column":10},"end":{"line":14,"column":6}}},"fnMap":{"0":{"name":"(anonymous_0)","decl":{"start":{"line":3,"column":17},"end":{"line":3,"column":18}},"loc":{"start":{"line":3,"column":37},"end":{"line":16,"column":1}},"line":3},"1":{"name":"(anonymous_1)","decl":{"start":{"line":9,"column":4},"end":{"line":9,"column":5}},"loc":{"start":{"line":9,"column":9},"end":{"line":9,"column":70}},"line":9},"2":{"name":"(anonymous_2)","decl":{"start":{"line":10,"column":4},"end":{"line":10,"column":5}},"loc":{"start":{"line":10,"column":10},"end":{"line":10,"column":16}},"line":10},"3":{"name":"(anonymous_3)","decl":{"start":{"line":11,"column":4},"end":{"line":11,"column":5}},"loc":{"start":{"line":11,"column":10},"end":{"line":14,"column":6}},"line":11}},"branchMap":{},"s":{"0":7,"1":7,"2":3,"3":3,"4":2,"5":1},"f":{"0":3,"1":3,"2":2,"3":1},"b":{},"_coverageSchema":"43e27e138ebf9cfc5966b082cf9a028302ed4184","hash":"f777383287d9cd2b4d966afd585391f86ab72c55","contentHash":"7ec45efc41025669094ce63239428fe7649b2e4ea44f5e978d2373212ce93c91"}
,"C:\\Users\\dtamp\\Desktop\\authentication-microservice\\src\\middlewares\\index.js": {"path":"C:\\Users\\dtamp\\Desktop\\authentication-microservice\\src\\middlewares\\index.js","statementMap":{"0":{"start":{"line":1,"column":22},"end":{"line":1,"column":48}},"1":{"start":{"line":2,"column":14},"end":{"line":2,"column":32}},"2":{"start":{"line":3,"column":19},"end":{"line":3,"column":42}},"3":{"start":{"line":4,"column":23},"end":{"line":4,"column":50}},"4":{"start":{"line":7,"column":0},"end":{"line":12,"column":2}}},"fnMap":{},"branchMap":{},"s":{"0":7,"1":7,"2":7,"3":7,"4":7},"f":{},"b":{},"_coverageSchema":"43e27e138ebf9cfc5966b082cf9a028302ed4184","hash":"91b386e9b6ff9fbbc1e5c4e719be32170d6f182c","contentHash":"c098aa4ebda77b7e3813e4a801b996ab189f739dca630ee04f9527f210084e3e"}
,"C:\\Users\\dtamp\\Desktop\\authentication-microservice\\src\\middlewares\\validation.js": {"path":"C:\\Users\\dtamp\\Desktop\\authentication-microservice\\src\\middlewares\\validation.js","statementMap":{"0":{"start":{"line":1,"column":37},"end":{"line":1,"column":71}},"1":{"start":{"line":3,"column":0},"end":{"line":18,"column":2}},"2":{"start":{"line":8,"column":2},"end":{"line":17,"column":3}},"3":{"start":{"line":9,"column":19},"end":{"line":9,"column":22}},"4":{"start":{"line":10,"column":4},"end":{"line":10,"column":51}},"5":{"start":{"line":11,"column":4},"end":{"line":11,"column":11}},"6":{"start":{"line":13,"column":4},"end":{"line":16,"column":7}}},"fnMap":{"0":{"name":"(anonymous_0)","decl":{"start":{"line":3,"column":17},"end":{"line":3,"column":18}},"loc":{"start":{"line":3,"column":51},"end":{"line":18,"column":1}},"line":3}},"branchMap":{},"s":{"0":7,"1":7,"2":27,"3":27,"4":27,"5":12,"6":15},"f":{"0":27},"b":{},"_coverageSchema":"43e27e138ebf9cfc5966b082cf9a028302ed4184","hash":"1be736c6681f5437524d16f38ad00e509f9efa9a","contentHash":"7cf9c46470d270e703e120fd48bba032ccd3ae33646590edbfaddead6f6dc2cb"}
,"C:\\Users\\dtamp\\Desktop\\authentication-microservice\\src\\models\\reset.js": {"path":"C:\\Users\\dtamp\\Desktop\\authentication-microservice\\src\\models\\reset.js","statementMap":{"0":{"start":{"line":2,"column":17},"end":{"line":2,"column":36}},"1":{"start":{"line":3,"column":23},"end":{"line":3,"column":70}},"2":{"start":{"line":4,"column":31},"end":{"line":4,"column":65}},"3":{"start":{"line":6,"column":20},"end":{"line":23,"column":2}},"4":{"start":{"line":27,"column":0},"end":{"line":27,"column":35}},"5":{"start":{"line":29,"column":0},"end":{"line":29,"column":25}},"6":{"start":{"line":30,"column":0},"end":{"line":30,"column":54}}},"fnMap":{},"branchMap":{},"s":{"0":7,"1":7,"2":7,"3":7,"4":7,"5":7,"6":7},"f":{},"b":{},"_coverageSchema":"43e27e138ebf9cfc5966b082cf9a028302ed4184","hash":"017acd563004872f3d72be98036b7f45013070f5","contentHash":"4b2c5bde29e0b92e5f5bf68dbbef5d0c4251a5a996c4e19331c64dcb6a8432c9"}
,"C:\\Users\\dtamp\\Desktop\\authentication-microservice\\src\\models\\user.js": {"path":"C:\\Users\\dtamp\\Desktop\\authentication-microservice\\src\\models\\user.js","statementMap":{"0":{"start":{"line":2,"column":17},"end":{"line":2,"column":36}},"1":{"start":{"line":3,"column":23},"end":{"line":3,"column":70}},"2":{"start":{"line":4,"column":42},"end":{"line":4,"column":88}},"3":{"start":{"line":5,"column":34},"end":{"line":5,"column":68}},"4":{"start":{"line":7,"column":0},"end":{"line":7,"column":25}},"5":{"start":{"line":9,"column":19},"end":{"line":31,"column":1}},"6":{"start":{"line":35,"column":0},"end":{"line":35,"column":34}},"7":{"start":{"line":39,"column":0},"end":{"line":44,"column":3}},"8":{"start":{"line":40,"column":2},"end":{"line":42,"column":3}},"9":{"start":{"line":41,"column":4},"end":{"line":41,"column":50}},"10":{"start":{"line":43,"column":2},"end":{"line":43,"column":16}},"11":{"start":{"line":48,"column":0},"end":{"line":50,"column":2}},"12":{"start":{"line":49,"column":2},"end":{"line":49,"column":50}},"13":{"start":{"line":52,"column":0},"end":{"line":52,"column":52}}},"fnMap":{"0":{"name":"(anonymous_0)","decl":{"start":{"line":39,"column":23},"end":{"line":39,"column":24}},"loc":{"start":{"line":39,"column":39},"end":{"line":44,"column":1}},"line":39},"1":{"name":"(anonymous_1)","decl":{"start":{"line":48,"column":37},"end":{"line":48,"column":38}},"loc":{"start":{"line":48,"column":57},"end":{"line":50,"column":1}},"line":48}},"branchMap":{"0":{"loc":{"start":{"line":40,"column":2},"end":{"line":42,"column":3}},"type":"if","locations":[{"start":{"line":40,"column":2},"end":{"line":42,"column":3}},{"start":{"line":40,"column":2},"end":{"line":42,"column":3}}],"line":40}},"s":{"0":7,"1":7,"2":7,"3":7,"4":7,"5":7,"6":7,"7":7,"8":6,"9":6,"10":6,"11":7,"12":2,"13":7},"f":{"0":6,"1":2},"b":{"0":[6,0]},"_coverageSchema":"43e27e138ebf9cfc5966b082cf9a028302ed4184","hash":"8426d1635489c750ccb81a012af56eedac6df60b","contentHash":"2db829e6083e25b022ba261fc134400112da4f8a820d59212df118ef3545e45d"}
,"C:\\Users\\dtamp\\Desktop\\authentication-microservice\\src\\routes\\docs.js": {"path":"C:\\Users\\dtamp\\Desktop\\authentication-microservice\\src\\routes\\docs.js","statementMap":{"0":{"start":{"line":1,"column":13},"end":{"line":1,"column":28}},"1":{"start":{"line":2,"column":16},"end":{"line":2,"column":34}},"2":{"start":{"line":4,"column":15},"end":{"line":4,"column":31}},"3":{"start":{"line":6,"column":13},"end":{"line":6,"column":47}},"4":{"start":{"line":8,"column":0},"end":{"line":8,"column":33}},"5":{"start":{"line":9,"column":0},"end":{"line":9,"column":73}},"6":{"start":{"line":9,"column":31},"end":{"line":9,"column":71}},"7":{"start":{"line":12,"column":0},"end":{"line":12,"column":24}}},"fnMap":{"0":{"name":"(anonymous_0)","decl":{"start":{"line":9,"column":17},"end":{"line":9,"column":18}},"loc":{"start":{"line":9,"column":31},"end":{"line":9,"column":71}},"line":9}},"branchMap":{},"s":{"0":7,"1":7,"2":7,"3":7,"4":7,"5":7,"6":0,"7":7},"f":{"0":0},"b":{},"_coverageSchema":"43e27e138ebf9cfc5966b082cf9a028302ed4184","hash":"ee741dcfe7b8c25778526535bb1cbaa0904cbf23","contentHash":"68ada8ffab523d5911c3b394eeb52d59972672a67d9fb5d11cc8cdb5dce7d4a3"}
,"C:\\Users\\dtamp\\Desktop\\authentication-microservice\\src\\routes\\index.js": {"path":"C:\\Users\\dtamp\\Desktop\\authentication-microservice\\src\\routes\\index.js","statementMap":{"0":{"start":{"line":1,"column":16},"end":{"line":1,"column":34}},"1":{"start":{"line":2,"column":14},"end":{"line":2,"column":32}},"2":{"start":{"line":3,"column":13},"end":{"line":3,"column":30}},"3":{"start":{"line":4,"column":13},"end":{"line":4,"column":30}},"4":{"start":{"line":6,"column":15},"end":{"line":6,"column":31}},"5":{"start":{"line":8,"column":0},"end":{"line":8,"column":28}},"6":{"start":{"line":9,"column":0},"end":{"line":9,"column":26}},"7":{"start":{"line":10,"column":0},"end":{"line":10,"column":22}},"8":{"start":{"line":12,"column":0},"end":{"line":12,"column":24}}},"fnMap":{},"branchMap":{},"s":{"0":7,"1":7,"2":7,"3":7,"4":7,"5":7,"6":7,"7":7,"8":7},"f":{},"b":{},"_coverageSchema":"43e27e138ebf9cfc5966b082cf9a028302ed4184","hash":"ec9ea9c894bb3b07e3cb2d1b46814fa63e6e96c4","contentHash":"b0254fe5c3ebda67df909eac957214ce195b672ed2776cb89176ff20d858c44b"}
,"C:\\Users\\dtamp\\Desktop\\authentication-microservice\\src\\routes\\root.js": {"path":"C:\\Users\\dtamp\\Desktop\\authentication-microservice\\src\\routes\\root.js","statementMap":{"0":{"start":{"line":1,"column":16},"end":{"line":1,"column":34}},"1":{"start":{"line":2,"column":13},"end":{"line":2,"column":28}},"2":{"start":{"line":4,"column":15},"end":{"line":4,"column":31}},"3":{"start":{"line":6,"column":13},"end":{"line":6,"column":43}},"4":{"start":{"line":8,"column":0},"end":{"line":8,"column":66}},"5":{"start":{"line":8,"column":30},"end":{"line":8,"column":64}},"6":{"start":{"line":11,"column":0},"end":{"line":11,"column":24}}},"fnMap":{"0":{"name":"(anonymous_0)","decl":{"start":{"line":8,"column":16},"end":{"line":8,"column":17}},"loc":{"start":{"line":8,"column":30},"end":{"line":8,"column":64}},"line":8}},"branchMap":{},"s":{"0":7,"1":7,"2":7,"3":7,"4":7,"5":1,"6":7},"f":{"0":1},"b":{},"_coverageSchema":"43e27e138ebf9cfc5966b082cf9a028302ed4184","hash":"821095688c856565ec6306dbd14677b2609771de","contentHash":"854d111cf23ade873f85a134a6b0709b01ead8418f30d3bd89dcf3973980f11b"}
,"C:\\Users\\dtamp\\Desktop\\authentication-microservice\\src\\routes\\users.js": {"path":"C:\\Users\\dtamp\\Desktop\\authentication-microservice\\src\\routes\\users.js","statementMap":{"0":{"start":{"line":1,"column":16},"end":{"line":1,"column":34}},"1":{"start":{"line":2,"column":52},"end":{"line":2,"column":77}},"2":{"start":{"line":3,"column":29},"end":{"line":3,"column":67}},"3":{"start":{"line":6,"column":15},"end":{"line":6,"column":31}},"4":{"start":{"line":8,"column":13},"end":{"line":8,"column":38}},"5":{"start":{"line":9,"column":14},"end":{"line":9,"column":40}},"6":{"start":{"line":149,"column":0},"end":{"line":175,"column":2}},"7":{"start":{"line":151,"column":22},"end":{"line":151,"column":60}},"8":{"start":{"line":153,"column":36},"end":{"line":153,"column":44}},"9":{"start":{"line":154,"column":4},"end":{"line":173,"column":5}},"10":{"start":{"line":155,"column":19},"end":{"line":155,"column":46}},"11":{"start":{"line":156,"column":6},"end":{"line":161,"column":7}},"12":{"start":{"line":157,"column":8},"end":{"line":160,"column":11}},"13":{"start":{"line":162,"column":22},"end":{"line":166,"column":15}},"14":{"start":{"line":167,"column":6},"end":{"line":170,"column":9}},"15":{"start":{"line":172,"column":6},"end":{"line":172,"column":25}},"16":{"start":{"line":234,"column":0},"end":{"line":261,"column":2}},"17":{"start":{"line":236,"column":22},"end":{"line":236,"column":64}},"18":{"start":{"line":238,"column":30},"end":{"line":238,"column":38}},"19":{"start":{"line":239,"column":4},"end":{"line":259,"column":5}},"20":{"start":{"line":240,"column":19},"end":{"line":240,"column":66}},"21":{"start":{"line":241,"column":6},"end":{"line":246,"column":7}},"22":{"start":{"line":242,"column":8},"end":{"line":245,"column":11}},"23":{"start":{"line":247,"column":6},"end":{"line":252,"column":7}},"24":{"start":{"line":248,"column":8},"end":{"line":251,"column":11}},"25":{"start":{"line":253,"column":6},"end":{"line":256,"column":9}},"26":{"start":{"line":258,"column":6},"end":{"line":258,"column":25}},"27":{"start":{"line":291,"column":0},"end":{"line":313,"column":2}},"28":{"start":{"line":296,"column":17},"end":{"line":296,"column":27}},"29":{"start":{"line":297,"column":4},"end":{"line":311,"column":5}},"30":{"start":{"line":298,"column":19},"end":{"line":298,"column":51}},"31":{"start":{"line":299,"column":6},"end":{"line":304,"column":7}},"32":{"start":{"line":300,"column":8},"end":{"line":303,"column":11}},"33":{"start":{"line":305,"column":6},"end":{"line":308,"column":9}},"34":{"start":{"line":310,"column":6},"end":{"line":310,"column":25}},"35":{"start":{"line":335,"column":0},"end":{"line":358,"column":2}},"36":{"start":{"line":337,"column":22},"end":{"line":337,"column":59}},"37":{"start":{"line":339,"column":20},"end":{"line":339,"column":28}},"38":{"start":{"line":340,"column":4},"end":{"line":356,"column":5}},"39":{"start":{"line":341,"column":19},"end":{"line":341,"column":46}},"40":{"start":{"line":342,"column":6},"end":{"line":347,"column":7}},"41":{"start":{"line":343,"column":8},"end":{"line":346,"column":11}},"42":{"start":{"line":348,"column":20},"end":{"line":348,"column":36}},"43":{"start":{"line":349,"column":6},"end":{"line":352,"column":16}},"44":{"start":{"line":353,"column":6},"end":{"line":353,"column":31}},"45":{"start":{"line":355,"column":6},"end":{"line":355,"column":25}},"46":{"start":{"line":389,"column":0},"end":{"line":421,"column":2}},"47":{"start":{"line":391,"column":22},"end":{"line":391,"column":58}},"48":{"start":{"line":394,"column":23},"end":{"line":394,"column":31}},"49":{"start":{"line":395,"column":20},"end":{"line":395,"column":31}},"50":{"start":{"line":396,"column":4},"end":{"line":419,"column":5}},"51":{"start":{"line":397,"column":19},"end":{"line":397,"column":46}},"52":{"start":{"line":398,"column":6},"end":{"line":403,"column":7}},"53":{"start":{"line":399,"column":8},"end":{"line":402,"column":11}},"54":{"start":{"line":404,"column":20},"end":{"line":404,"column":57}},"55":{"start":{"line":405,"column":6},"end":{"line":410,"column":7}},"56":{"start":{"line":406,"column":8},"end":{"line":409,"column":11}},"57":{"start":{"line":411,"column":6},"end":{"line":411,"column":31}},"58":{"start":{"line":412,"column":6},"end":{"line":412,"column":24}},"59":{"start":{"line":413,"column":6},"end":{"line":416,"column":9}},"60":{"start":{"line":418,"column":6},"end":{"line":418,"column":25}},"61":{"start":{"line":423,"column":0},"end":{"line":423,"column":24}}},"fnMap":{"0":{"name":"(anonymous_0)","decl":{"start":{"line":151,"column":2},"end":{"line":151,"column":3}},"loc":{"start":{"line":151,"column":22},"end":{"line":151,"column":60}},"line":151},"1":{"name":"(anonymous_1)","decl":{"start":{"line":152,"column":2},"end":{"line":152,"column":3}},"loc":{"start":{"line":152,"column":28},"end":{"line":174,"column":3}},"line":152},"2":{"name":"(anonymous_2)","decl":{"start":{"line":236,"column":2},"end":{"line":236,"column":3}},"loc":{"start":{"line":236,"column":22},"end":{"line":236,"column":64}},"line":236},"3":{"name":"(anonymous_3)","decl":{"start":{"line":237,"column":2},"end":{"line":237,"column":3}},"loc":{"start":{"line":237,"column":28},"end":{"line":260,"column":3}},"line":237},"4":{"name":"(anonymous_4)","decl":{"start":{"line":295,"column":2},"end":{"line":295,"column":3}},"loc":{"start":{"line":295,"column":28},"end":{"line":312,"column":3}},"line":295},"5":{"name":"(anonymous_5)","decl":{"start":{"line":337,"column":2},"end":{"line":337,"column":3}},"loc":{"start":{"line":337,"column":22},"end":{"line":337,"column":59}},"line":337},"6":{"name":"(anonymous_6)","decl":{"start":{"line":338,"column":2},"end":{"line":338,"column":3}},"loc":{"start":{"line":338,"column":28},"end":{"line":357,"column":3}},"line":338},"7":{"name":"(anonymous_7)","decl":{"start":{"line":391,"column":2},"end":{"line":391,"column":3}},"loc":{"start":{"line":391,"column":22},"end":{"line":391,"column":58}},"line":391},"8":{"name":"(anonymous_8)","decl":{"start":{"line":393,"column":2},"end":{"line":393,"column":3}},"loc":{"start":{"line":393,"column":28},"end":{"line":420,"column":3}},"line":393}},"branchMap":{"0":{"loc":{"start":{"line":156,"column":6},"end":{"line":161,"column":7}},"type":"if","locations":[{"start":{"line":156,"column":6},"end":{"line":161,"column":7}},{"start":{"line":156,"column":6},"end":{"line":161,"column":7}}],"line":156},"1":{"loc":{"start":{"line":241,"column":6},"end":{"line":246,"column":7}},"type":"if","locations":[{"start":{"line":241,"column":6},"end":{"line":246,"column":7}},{"start":{"line":241,"column":6},"end":{"line":246,"column":7}}],"line":241},"2":{"loc":{"start":{"line":247,"column":6},"end":{"line":252,"column":7}},"type":"if","locations":[{"start":{"line":247,"column":6},"end":{"line":252,"column":7}},{"start":{"line":247,"column":6},"end":{"line":252,"column":7}}],"line":247},"3":{"loc":{"start":{"line":299,"column":6},"end":{"line":304,"column":7}},"type":"if","locations":[{"start":{"line":299,"column":6},"end":{"line":304,"column":7}},{"start":{"line":299,"column":6},"end":{"line":304,"column":7}}],"line":299},"4":{"loc":{"start":{"line":342,"column":6},"end":{"line":347,"column":7}},"type":"if","locations":[{"start":{"line":342,"column":6},"end":{"line":347,"column":7}},{"start":{"line":342,"column":6},"end":{"line":347,"column":7}}],"line":342},"5":{"loc":{"start":{"line":398,"column":6},"end":{"line":403,"column":7}},"type":"if","locations":[{"start":{"line":398,"column":6},"end":{"line":403,"column":7}},{"start":{"line":398,"column":6},"end":{"line":403,"column":7}}],"line":398},"6":{"loc":{"start":{"line":405,"column":6},"end":{"line":410,"column":7}},"type":"if","locations":[{"start":{"line":405,"column":6},"end":{"line":410,"column":7}},{"start":{"line":405,"column":6},"end":{"line":410,"column":7}}],"line":405}},"s":{"0":7,"1":7,"2":7,"3":7,"4":7,"5":7,"6":7,"7":9,"8":2,"9":2,"10":2,"11":2,"12":1,"13":1,"14":1,"15":0,"16":7,"17":7,"18":3,"19":3,"20":3,"21":3,"22":1,"23":2,"24":1,"25":1,"26":0,"27":7,"28":2,"29":2,"30":2,"31":2,"32":1,"33":1,"34":0,"35":7,"36":4,"37":2,"38":2,"39":2,"40":2,"41":1,"42":1,"43":1,"44":1,"45":0,"46":7,"47":7,"48":3,"49":3,"50":3,"51":3,"52":3,"53":1,"54":2,"55":2,"56":1,"57":1,"58":1,"59":1,"60":0,"61":7},"f":{"0":9,"1":2,"2":7,"3":3,"4":2,"5":4,"6":2,"7":7,"8":3},"b":{"0":[1,1],"1":[1,2],"2":[1,1],"3":[1,1],"4":[1,1],"5":[1,2],"6":[1,1]},"_coverageSchema":"43e27e138ebf9cfc5966b082cf9a028302ed4184","hash":"ef8be90bb30350883da9e971570f43db37eaea43","contentHash":"600d93600fa62f9d2db01eb028835a427450b852e3d627a2c725a8050a94fbd9"}
,"C:\\Users\\dtamp\\Desktop\\authentication-microservice\\src\\utilities\\authentication\\helpers.js": {"path":"C:\\Users\\dtamp\\Desktop\\authentication-microservice\\src\\utilities\\authentication\\helpers.js","statementMap":{"0":{"start":{"line":1,"column":45},"end":{"line":1,"column":64}},"1":{"start":{"line":2,"column":15},"end":{"line":2,"column":38}},"2":{"start":{"line":3,"column":15},"end":{"line":3,"column":31}},"3":{"start":{"line":5,"column":0},"end":{"line":27,"column":2}},"4":{"start":{"line":11,"column":4},"end":{"line":14,"column":21}},"5":{"start":{"line":13,"column":14},"end":{"line":13,"column":38}},"6":{"start":{"line":20,"column":39},"end":{"line":20,"column":66}},"7":{"start":{"line":26,"column":22},"end":{"line":26,"column":62}}},"fnMap":{"0":{"name":"(anonymous_0)","decl":{"start":{"line":10,"column":18},"end":{"line":10,"column":19}},"loc":{"start":{"line":11,"column":4},"end":{"line":14,"column":21}},"line":11},"1":{"name":"(anonymous_1)","decl":{"start":{"line":13,"column":6},"end":{"line":13,"column":7}},"loc":{"start":{"line":13,"column":14},"end":{"line":13,"column":38}},"line":13},"2":{"name":"(anonymous_2)","decl":{"start":{"line":20,"column":19},"end":{"line":20,"column":20}},"loc":{"start":{"line":20,"column":39},"end":{"line":20,"column":66}},"line":20},"3":{"name":"(anonymous_3)","decl":{"start":{"line":26,"column":11},"end":{"line":26,"column":12}},"loc":{"start":{"line":26,"column":22},"end":{"line":26,"column":62}},"line":26}},"branchMap":{"0":{"loc":{"start":{"line":10,"column":29},"end":{"line":10,"column":48}},"type":"default-arg","locations":[{"start":{"line":10,"column":46},"end":{"line":10,"column":48}}],"line":10}},"s":{"0":7,"1":7,"2":7,"3":7,"4":6,"5":6,"6":2,"7":6},"f":{"0":6,"1":6,"2":2,"3":6},"b":{"0":[6]},"_coverageSchema":"43e27e138ebf9cfc5966b082cf9a028302ed4184","hash":"bade36399d51a59e6dc87afbc5cca9eb6988ca69","contentHash":"5869d9441f1c2f08af30f0e982cf47c9aae16d5efb23f29ca32986e23fbd7c2f"}
,"C:\\Users\\dtamp\\Desktop\\authentication-microservice\\src\\utilities\\authentication\\index.js": {"path":"C:\\Users\\dtamp\\Desktop\\authentication-microservice\\src\\utilities\\authentication\\index.js","statementMap":{"0":{"start":{"line":1,"column":16},"end":{"line":1,"column":36}},"1":{"start":{"line":3,"column":0},"end":{"line":3,"column":27}}},"fnMap":{},"branchMap":{},"s":{"0":7,"1":7},"f":{},"b":{},"_coverageSchema":"43e27e138ebf9cfc5966b082cf9a028302ed4184","hash":"34d859e1145dfe4a45ec0b902b2ac1886cf1a542","contentHash":"5307be18674f5c7000adf52f2037b605f2acf426d38dbe56154855e66d345ebb"}
,"C:\\Users\\dtamp\\Desktop\\authentication-microservice\\src\\utilities\\validation\\constants.js": {"path":"C:\\Users\\dtamp\\Desktop\\authentication-microservice\\src\\utilities\\validation\\constants.js","statementMap":{"0":{"start":{"line":1,"column":12},"end":{"line":1,"column":13}},"1":{"start":{"line":2,"column":16},"end":{"line":2,"column":20}},"2":{"start":{"line":3,"column":14},"end":{"line":3,"column":27}},"3":{"start":{"line":5,"column":0},"end":{"line":5,"column":39}}},"fnMap":{},"branchMap":{},"s":{"0":7,"1":7,"2":7,"3":7},"f":{},"b":{},"_coverageSchema":"43e27e138ebf9cfc5966b082cf9a028302ed4184","hash":"7c742700d4f82803e552aa73e6aa52b19f4c1aca","contentHash":"ad3d491a95256cdf8235a33ddb43f5fce75f91f88fc8d3a287c7f86f424e1ccb"}
,"C:\\Users\\dtamp\\Desktop\\authentication-microservice\\src\\utilities\\validation\\index.js": {"path":"C:\\Users\\dtamp\\Desktop\\authentication-microservice\\src\\utilities\\validation\\index.js","statementMap":{"0":{"start":{"line":1,"column":18},"end":{"line":1,"column":40}},"1":{"start":{"line":2,"column":16},"end":{"line":2,"column":36}},"2":{"start":{"line":4,"column":0},"end":{"line":7,"column":2}}},"fnMap":{},"branchMap":{},"s":{"0":7,"1":7,"2":7},"f":{},"b":{},"_coverageSchema":"43e27e138ebf9cfc5966b082cf9a028302ed4184","hash":"9266abae9949cd3b8110af8a766066a3771b69a0","contentHash":"2a52a1d84653e3b4c4bde6799115e5975b9480611f039f6d44acd1916d55bc6a"}
,"C:\\Users\\dtamp\\Desktop\\authentication-microservice\\src\\utilities\\validation\\schemas.js": {"path":"C:\\Users\\dtamp\\Desktop\\authentication-microservice\\src\\utilities\\validation\\schemas.js","statementMap":{"0":{"start":{"line":1,"column":12},"end":{"line":1,"column":26}},"1":{"start":{"line":2,"column":21},"end":{"line":2,"column":43}},"2":{"start":{"line":4,"column":14},"end":{"line":9,"column":13}},"3":{"start":{"line":11,"column":17},"end":{"line":15,"column":13}},"4":{"start":{"line":17,"column":13},"end":{"line":19,"column":13}},"5":{"start":{"line":21,"column":16},"end":{"line":21,"column":43}},"6":{"start":{"line":23,"column":21},"end":{"line":26,"column":2}},"7":{"start":{"line":29,"column":17},"end":{"line":33,"column":2}},"8":{"start":{"line":35,"column":15},"end":{"line":35,"column":45}},"9":{"start":{"line":37,"column":0},"end":{"line":37,"column":59}}},"fnMap":{},"branchMap":{},"s":{"0":7,"1":7,"2":7,"3":7,"4":7,"5":7,"6":7,"7":7,"8":7,"9":7},"f":{},"b":{},"_coverageSchema":"43e27e138ebf9cfc5966b082cf9a028302ed4184","hash":"64cd887e9a9853e7f62aa3586e43ae59b5def8c7","contentHash":"35c6a0b630f407b57b9723b9dfa8f6183ab209e5688065a5e22a8e38ae9eca04"}
}
