{"/home/lamouchefatale/Desktop/sities/authentication-microservice/src/index.js": {"path":"/home/lamouchefatale/Desktop/sities/authentication-microservice/src/index.js","statementMap":{"0":{"start":{"line":1,"column":13},"end":{"line":1,"column":28}},"1":{"start":{"line":3,"column":0},"end":{"line":3,"column":70}},"2":{"start":{"line":4,"column":16},"end":{"line":4,"column":34}},"3":{"start":{"line":5,"column":15},"end":{"line":5,"column":32}},"4":{"start":{"line":6,"column":19},"end":{"line":6,"column":41}},"5":{"start":{"line":7,"column":15},"end":{"line":7,"column":32}},"6":{"start":{"line":8,"column":20},"end":{"line":8,"column":42}},"7":{"start":{"line":9,"column":13},"end":{"line":9,"column":28}},"8":{"start":{"line":10,"column":16},"end":{"line":10,"column":40}},"9":{"start":{"line":11,"column":15},"end":{"line":11,"column":34}},"10":{"start":{"line":12,"column":19},"end":{"line":12,"column":38}},"11":{"start":{"line":14,"column":12},"end":{"line":14,"column":21}},"12":{"start":{"line":15,"column":0},"end":{"line":15,"column":18}},"13":{"start":{"line":16,"column":0},"end":{"line":16,"column":16}},"14":{"start":{"line":20,"column":0},"end":{"line":20,"column":23}},"15":{"start":{"line":21,"column":0},"end":{"line":23,"column":1}},"16":{"start":{"line":22,"column":2},"end":{"line":22,"column":25}},"17":{"start":{"line":24,"column":0},"end":{"line":24,"column":27}},"18":{"start":{"line":25,"column":0},"end":{"line":25,"column":50}},"19":{"start":{"line":28,"column":0},"end":{"line":28,"column":11}},"20":{"start":{"line":31,"column":0},"end":{"line":31,"column":21}},"21":{"start":{"line":34,"column":0},"end":{"line":34,"column":15}},"22":{"start":{"line":36,"column":13},"end":{"line":36,"column":44}},"23":{"start":{"line":37,"column":0},"end":{"line":39,"column":91}},"24":{"start":{"line":39,"column":2},"end":{"line":39,"column":89}},"25":{"start":{"line":41,"column":0},"end":{"line":41,"column":21}}},"fnMap":{"0":{"name":"(anonymous_0)","decl":{"start":{"line":37,"column":17},"end":{"line":37,"column":18}},"loc":{"start":{"line":39,"column":2},"end":{"line":39,"column":89}},"line":39}},"branchMap":{"0":{"loc":{"start":{"line":21,"column":0},"end":{"line":23,"column":1}},"type":"if","locations":[{"start":{"line":21,"column":0},"end":{"line":23,"column":1}},{"start":{"line":21,"column":0},"end":{"line":23,"column":1}}],"line":21},"1":{"loc":{"start":{"line":36,"column":13},"end":{"line":36,"column":44}},"type":"binary-expr","locations":[{"start":{"line":36,"column":13},"end":{"line":36,"column":36}},{"start":{"line":36,"column":40},"end":{"line":36,"column":44}}],"line":36}},"s":{"0":8,"1":8,"2":8,"3":8,"4":8,"5":8,"6":8,"7":8,"8":8,"9":8,"10":8,"11":8,"12":8,"13":8,"14":8,"15":8,"16":0,"17":8,"18":8,"19":8,"20":8,"21":8,"22":8,"23":8,"24":8,"25":8},"f":{"0":8},"b":{"0":[0,8],"1":[8,0]},"_coverageSchema":"43e27e138ebf9cfc5966b082cf9a028302ed4184","hash":"0650a29ec5683ffd987d4f5e06c8137b1bfa71ba","contentHash":"bf7b5bc5a45d7c50bd67baa6f6e3f594026b70ff7f6c3f1933a69982782a2a7a"}
,"/home/lamouchefatale/Desktop/sities/authentication-microservice/src/config/index.js": {"path":"/home/lamouchefatale/Desktop/sities/authentication-microservice/src/config/index.js","statementMap":{"0":{"start":{"line":1,"column":17},"end":{"line":1,"column":38}},"1":{"start":{"line":3,"column":0},"end":{"line":3,"column":28}}},"fnMap":{},"branchMap":{},"s":{"0":8,"1":8},"f":{},"b":{},"_coverageSchema":"43e27e138ebf9cfc5966b082cf9a028302ed4184","hash":"5d1885a9090c768fb74e0a8121f21963ec17c1e7","contentHash":"a2c5ef461745f3b2ea96ccada3358c2676fdf95ef7563d2a0c7692788ed7c0ff"}
,"/home/lamouchefatale/Desktop/sities/authentication-microservice/src/config/mongoose.js": {"path":"/home/lamouchefatale/Desktop/sities/authentication-microservice/src/config/mongoose.js","statementMap":{"0":{"start":{"line":1,"column":17},"end":{"line":1,"column":36}},"1":{"start":{"line":3,"column":24},"end":{"line":12,"column":1}},"2":{"start":{"line":14,"column":20},"end":{"line":14,"column":40}},"3":{"start":{"line":16,"column":19},"end":{"line":20,"column":1}},"4":{"start":{"line":21,"column":0},"end":{"line":24,"column":2}},"5":{"start":{"line":23,"column":2},"end":{"line":23,"column":82}}},"fnMap":{"0":{"name":"(anonymous_0)","decl":{"start":{"line":21,"column":17},"end":{"line":21,"column":18}},"loc":{"start":{"line":21,"column":23},"end":{"line":24,"column":1}},"line":21}},"branchMap":{},"s":{"0":8,"1":8,"2":8,"3":8,"4":8,"5":8},"f":{"0":8},"b":{},"_coverageSchema":"43e27e138ebf9cfc5966b082cf9a028302ed4184","hash":"47625596e57bf2b15ede1565df5da72b7045aa79","contentHash":"e10cdda7407b5972caef8c458fadc0be24c1dd39279726c2c34b35f9f73d53f4"}
,"/home/lamouchefatale/Desktop/sities/authentication-microservice/src/middlewares/authorization.js": {"path":"/home/lamouchefatale/Desktop/sities/authentication-microservice/src/middlewares/authorization.js","statementMap":{"0":{"start":{"line":1,"column":12},"end":{"line":1,"column":35}},"1":{"start":{"line":2,"column":65},"end":{"line":2,"column":81}},"2":{"start":{"line":5,"column":15},"end":{"line":5,"column":40}},"3":{"start":{"line":7,"column":0},"end":{"line":45,"column":2}},"4":{"start":{"line":12,"column":2},"end":{"line":44,"column":9}},"5":{"start":{"line":14,"column":6},"end":{"line":16,"column":50}},"6":{"start":{"line":18,"column":11},"end":{"line":18,"column":48}},"7":{"start":{"line":19,"column":11},"end":{"line":19,"column":43}},"8":{"start":{"line":25,"column":8},"end":{"line":28,"column":10}},"9":{"start":{"line":30,"column":8},"end":{"line":42,"column":18}},"10":{"start":{"line":31,"column":10},"end":{"line":42,"column":17}},"11":{"start":{"line":32,"column":19},"end":{"line":32,"column":30}},"12":{"start":{"line":34,"column":14},"end":{"line":37,"column":16}},"13":{"start":{"line":39,"column":14},"end":{"line":39,"column":36}},"14":{"start":{"line":40,"column":14},"end":{"line":40,"column":28}}},"fnMap":{"0":{"name":"(anonymous_0)","decl":{"start":{"line":7,"column":17},"end":{"line":7,"column":18}},"loc":{"start":{"line":7,"column":37},"end":{"line":45,"column":1}},"line":7},"1":{"name":"(anonymous_1)","decl":{"start":{"line":13,"column":4},"end":{"line":13,"column":5}},"loc":{"start":{"line":14,"column":6},"end":{"line":16,"column":50}},"line":14},"2":{"name":"(anonymous_2)","decl":{"start":{"line":18,"column":6},"end":{"line":18,"column":7}},"loc":{"start":{"line":18,"column":11},"end":{"line":18,"column":48}},"line":18},"3":{"name":"(anonymous_3)","decl":{"start":{"line":19,"column":6},"end":{"line":19,"column":7}},"loc":{"start":{"line":19,"column":11},"end":{"line":19,"column":43}},"line":19},"4":{"name":"(anonymous_4)","decl":{"start":{"line":24,"column":6},"end":{"line":24,"column":7}},"loc":{"start":{"line":25,"column":8},"end":{"line":28,"column":10}},"line":25},"5":{"name":"(anonymous_5)","decl":{"start":{"line":29,"column":6},"end":{"line":29,"column":7}},"loc":{"start":{"line":30,"column":8},"end":{"line":42,"column":18}},"line":30},"6":{"name":"(anonymous_6)","decl":{"start":{"line":30,"column":34},"end":{"line":30,"column":35}},"loc":{"start":{"line":31,"column":10},"end":{"line":42,"column":17}},"line":31},"7":{"name":"(anonymous_7)","decl":{"start":{"line":32,"column":12},"end":{"line":32,"column":13}},"loc":{"start":{"line":32,"column":19},"end":{"line":32,"column":30}},"line":32},"8":{"name":"(anonymous_8)","decl":{"start":{"line":33,"column":12},"end":{"line":33,"column":13}},"loc":{"start":{"line":34,"column":14},"end":{"line":37,"column":16}},"line":34},"9":{"name":"(anonymous_9)","decl":{"start":{"line":38,"column":12},"end":{"line":38,"column":13}},"loc":{"start":{"line":38,"column":28},"end":{"line":41,"column":13}},"line":38}},"branchMap":{"0":{"loc":{"start":{"line":14,"column":6},"end":{"line":16,"column":50}},"type":"binary-expr","locations":[{"start":{"line":14,"column":6},"end":{"line":14,"column":33}},{"start":{"line":15,"column":13},"end":{"line":15,"column":51}},{"start":{"line":16,"column":13},"end":{"line":16,"column":50}}],"line":14},"1":{"loc":{"start":{"line":18,"column":11},"end":{"line":18,"column":48}},"type":"binary-expr","locations":[{"start":{"line":18,"column":11},"end":{"line":18,"column":20}},{"start":{"line":18,"column":24},"end":{"line":18,"column":48}}],"line":18}},"s":{"0":8,"1":8,"2":8,"3":8,"4":19,"5":19,"6":19,"7":0,"8":3,"9":16,"10":16,"11":16,"12":3,"13":13,"14":13},"f":{"0":19,"1":19,"2":19,"3":0,"4":3,"5":16,"6":16,"7":16,"8":3,"9":13},"b":{"0":[19,19,19],"1":[19,16]},"_coverageSchema":"43e27e138ebf9cfc5966b082cf9a028302ed4184","hash":"76bc07d0c3915166fe140bfa9110394f908e3e37","contentHash":"d7fb5ef1fa5c2b7e0f8ef142b5ca4ed2999ccd851f182176b1452d0150783100"}
,"/home/lamouchefatale/Desktop/sities/authentication-microservice/src/middlewares/error.js": {"path":"/home/lamouchefatale/Desktop/sities/authentication-microservice/src/middlewares/error.js","statementMap":{"0":{"start":{"line":2,"column":62},"end":{"line":2,"column":78}},"1":{"start":{"line":4,"column":39},"end":{"line":8,"column":1}},"2":{"start":{"line":5,"column":40},"end":{"line":5,"column":77}},"3":{"start":{"line":10,"column":0},"end":{"line":20,"column":11}},"4":{"start":{"line":15,"column":2},"end":{"line":20,"column":10}},"5":{"start":{"line":16,"column":10},"end":{"line":16,"column":36}},"6":{"start":{"line":19,"column":14},"end":{"line":19,"column":52}}},"fnMap":{"0":{"name":"(anonymous_0)","decl":{"start":{"line":5,"column":34},"end":{"line":5,"column":35}},"loc":{"start":{"line":5,"column":40},"end":{"line":5,"column":77}},"line":5},"1":{"name":"(anonymous_1)","decl":{"start":{"line":10,"column":17},"end":{"line":10,"column":18}},"loc":{"start":{"line":15,"column":2},"end":{"line":20,"column":10}},"line":15},"2":{"name":"(anonymous_2)","decl":{"start":{"line":16,"column":4},"end":{"line":16,"column":5}},"loc":{"start":{"line":16,"column":10},"end":{"line":16,"column":36}},"line":16},"3":{"name":"(anonymous_3)","decl":{"start":{"line":19,"column":4},"end":{"line":19,"column":5}},"loc":{"start":{"line":19,"column":14},"end":{"line":19,"column":52}},"line":19}},"branchMap":{},"s":{"0":8,"1":8,"2":0,"3":8,"4":35,"5":35,"6":35},"f":{"0":0,"1":35,"2":35,"3":35},"b":{},"_coverageSchema":"43e27e138ebf9cfc5966b082cf9a028302ed4184","hash":"de99cf8179ab265c0ceec3d848b915a5216718e0","contentHash":"e9d02a844118a5bef8a120cf9920eb22316eb000a32127ec36a0baeb8b0ebc42"}
,"/home/lamouchefatale/Desktop/sities/authentication-microservice/src/middlewares/identification.js": {"path":"/home/lamouchefatale/Desktop/sities/authentication-microservice/src/middlewares/identification.js","statementMap":{"0":{"start":{"line":1,"column":31},"end":{"line":1,"column":47}},"1":{"start":{"line":3,"column":0},"end":{"line":16,"column":2}},"2":{"start":{"line":8,"column":2},"end":{"line":15,"column":9}},"3":{"start":{"line":9,"column":9},"end":{"line":9,"column":70}},"4":{"start":{"line":10,"column":10},"end":{"line":10,"column":16}},"5":{"start":{"line":11,"column":10},"end":{"line":14,"column":6}}},"fnMap":{"0":{"name":"(anonymous_0)","decl":{"start":{"line":3,"column":17},"end":{"line":3,"column":18}},"loc":{"start":{"line":3,"column":37},"end":{"line":16,"column":1}},"line":3},"1":{"name":"(anonymous_1)","decl":{"start":{"line":9,"column":4},"end":{"line":9,"column":5}},"loc":{"start":{"line":9,"column":9},"end":{"line":9,"column":70}},"line":9},"2":{"name":"(anonymous_2)","decl":{"start":{"line":10,"column":4},"end":{"line":10,"column":5}},"loc":{"start":{"line":10,"column":10},"end":{"line":10,"column":16}},"line":10},"3":{"name":"(anonymous_3)","decl":{"start":{"line":11,"column":4},"end":{"line":11,"column":5}},"loc":{"start":{"line":11,"column":10},"end":{"line":14,"column":6}},"line":11}},"branchMap":{},"s":{"0":8,"1":8,"2":10,"3":10,"4":8,"5":2},"f":{"0":10,"1":10,"2":8,"3":2},"b":{},"_coverageSchema":"43e27e138ebf9cfc5966b082cf9a028302ed4184","hash":"3f69bfc86aa96fdbb54f35a063b2df5feb110c84","contentHash":"7b60894d6768309f4cfed97a2ca144b6e9e040cddc52e6fa0ae239627e02e011"}
,"/home/lamouchefatale/Desktop/sities/authentication-microservice/src/middlewares/index.js": {"path":"/home/lamouchefatale/Desktop/sities/authentication-microservice/src/middlewares/index.js","statementMap":{"0":{"start":{"line":1,"column":22},"end":{"line":1,"column":48}},"1":{"start":{"line":2,"column":14},"end":{"line":2,"column":32}},"2":{"start":{"line":3,"column":19},"end":{"line":3,"column":42}},"3":{"start":{"line":4,"column":23},"end":{"line":4,"column":50}},"4":{"start":{"line":7,"column":0},"end":{"line":12,"column":2}}},"fnMap":{},"branchMap":{},"s":{"0":8,"1":8,"2":8,"3":8,"4":8},"f":{},"b":{},"_coverageSchema":"43e27e138ebf9cfc5966b082cf9a028302ed4184","hash":"235272124a5da5f79fd80062a49b2bfa4d5457d5","contentHash":"e69f8126ae53851043780dcd72647c180fc309c714425176aae2d6f6cc8e4966"}
,"/home/lamouchefatale/Desktop/sities/authentication-microservice/src/middlewares/validation.js": {"path":"/home/lamouchefatale/Desktop/sities/authentication-microservice/src/middlewares/validation.js","statementMap":{"0":{"start":{"line":1,"column":37},"end":{"line":1,"column":71}},"1":{"start":{"line":3,"column":0},"end":{"line":18,"column":2}},"2":{"start":{"line":8,"column":2},"end":{"line":17,"column":3}},"3":{"start":{"line":9,"column":19},"end":{"line":9,"column":22}},"4":{"start":{"line":10,"column":4},"end":{"line":10,"column":51}},"5":{"start":{"line":11,"column":4},"end":{"line":11,"column":11}},"6":{"start":{"line":13,"column":4},"end":{"line":16,"column":7}}},"fnMap":{"0":{"name":"(anonymous_0)","decl":{"start":{"line":3,"column":17},"end":{"line":3,"column":18}},"loc":{"start":{"line":3,"column":51},"end":{"line":18,"column":1}},"line":3}},"branchMap":{},"s":{"0":8,"1":8,"2":33,"3":33,"4":33,"5":14,"6":19},"f":{"0":33},"b":{},"_coverageSchema":"43e27e138ebf9cfc5966b082cf9a028302ed4184","hash":"6b8c79511289de7a68658d0d62ddbc70942c089f","contentHash":"b8dce115ca9f5ca3e1349beb74030e2a3b74c34ce978abed19f5d3bbab3c1def"}
,"/home/lamouchefatale/Desktop/sities/authentication-microservice/src/models/reset.js": {"path":"/home/lamouchefatale/Desktop/sities/authentication-microservice/src/models/reset.js","statementMap":{"0":{"start":{"line":2,"column":17},"end":{"line":2,"column":36}},"1":{"start":{"line":3,"column":23},"end":{"line":3,"column":70}},"2":{"start":{"line":4,"column":31},"end":{"line":4,"column":65}},"3":{"start":{"line":6,"column":20},"end":{"line":23,"column":2}},"4":{"start":{"line":27,"column":0},"end":{"line":27,"column":35}},"5":{"start":{"line":29,"column":0},"end":{"line":29,"column":25}},"6":{"start":{"line":30,"column":0},"end":{"line":30,"column":54}}},"fnMap":{},"branchMap":{},"s":{"0":8,"1":8,"2":8,"3":8,"4":8,"5":8,"6":8},"f":{},"b":{},"_coverageSchema":"43e27e138ebf9cfc5966b082cf9a028302ed4184","hash":"f935d42c945afa739ec9d54a8fbac5d893131c35","contentHash":"16c586f3e10028b8a6fbe2590ec33e84dd3fcee810cc35dec2da2be6c92c5489"}
,"/home/lamouchefatale/Desktop/sities/authentication-microservice/src/models/user.js": {"path":"/home/lamouchefatale/Desktop/sities/authentication-microservice/src/models/user.js","statementMap":{"0":{"start":{"line":2,"column":17},"end":{"line":2,"column":36}},"1":{"start":{"line":3,"column":23},"end":{"line":3,"column":70}},"2":{"start":{"line":4,"column":42},"end":{"line":4,"column":88}},"3":{"start":{"line":5,"column":34},"end":{"line":5,"column":68}},"4":{"start":{"line":7,"column":0},"end":{"line":7,"column":25}},"5":{"start":{"line":9,"column":19},"end":{"line":31,"column":1}},"6":{"start":{"line":35,"column":0},"end":{"line":35,"column":34}},"7":{"start":{"line":39,"column":0},"end":{"line":44,"column":3}},"8":{"start":{"line":40,"column":2},"end":{"line":42,"column":3}},"9":{"start":{"line":41,"column":4},"end":{"line":41,"column":50}},"10":{"start":{"line":43,"column":2},"end":{"line":43,"column":16}},"11":{"start":{"line":48,"column":0},"end":{"line":50,"column":2}},"12":{"start":{"line":49,"column":2},"end":{"line":49,"column":50}},"13":{"start":{"line":52,"column":0},"end":{"line":52,"column":52}}},"fnMap":{"0":{"name":"(anonymous_0)","decl":{"start":{"line":39,"column":23},"end":{"line":39,"column":24}},"loc":{"start":{"line":39,"column":39},"end":{"line":44,"column":1}},"line":39},"1":{"name":"(anonymous_1)","decl":{"start":{"line":48,"column":37},"end":{"line":48,"column":38}},"loc":{"start":{"line":48,"column":57},"end":{"line":50,"column":1}},"line":48}},"branchMap":{"0":{"loc":{"start":{"line":40,"column":2},"end":{"line":42,"column":3}},"type":"if","locations":[{"start":{"line":40,"column":2},"end":{"line":42,"column":3}},{"start":{"line":40,"column":2},"end":{"line":42,"column":3}}],"line":40}},"s":{"0":8,"1":8,"2":8,"3":8,"4":8,"5":8,"6":8,"7":8,"8":7,"9":7,"10":7,"11":8,"12":2,"13":8},"f":{"0":7,"1":2},"b":{"0":[7,0]},"_coverageSchema":"43e27e138ebf9cfc5966b082cf9a028302ed4184","hash":"5e1f76caa182824b6734aa453d49be8d2874631d","contentHash":"d773ba189bd4f15c8e755d89bdee17b607f72427920d4f89cb4fc5cdc80c33ad"}
,"/home/lamouchefatale/Desktop/sities/authentication-microservice/src/routes/docs.js": {"path":"/home/lamouchefatale/Desktop/sities/authentication-microservice/src/routes/docs.js","statementMap":{"0":{"start":{"line":1,"column":13},"end":{"line":1,"column":28}},"1":{"start":{"line":2,"column":16},"end":{"line":2,"column":34}},"2":{"start":{"line":4,"column":15},"end":{"line":4,"column":31}},"3":{"start":{"line":6,"column":13},"end":{"line":6,"column":47}},"4":{"start":{"line":8,"column":0},"end":{"line":8,"column":33}},"5":{"start":{"line":9,"column":0},"end":{"line":11,"column":3}},"6":{"start":{"line":10,"column":2},"end":{"line":10,"column":43}},"7":{"start":{"line":14,"column":0},"end":{"line":14,"column":24}}},"fnMap":{"0":{"name":"(anonymous_0)","decl":{"start":{"line":9,"column":17},"end":{"line":9,"column":18}},"loc":{"start":{"line":9,"column":31},"end":{"line":11,"column":1}},"line":9}},"branchMap":{},"s":{"0":8,"1":8,"2":8,"3":8,"4":8,"5":8,"6":0,"7":8},"f":{"0":0},"b":{},"_coverageSchema":"43e27e138ebf9cfc5966b082cf9a028302ed4184","hash":"f01edc93d6fbbebf8a0d94042e17e8d49ee26f8e","contentHash":"ac55a31a6c4b71d5b742cb512dba224c740dfbdcfb15aef668c24c8b3c609a78"}
,"/home/lamouchefatale/Desktop/sities/authentication-microservice/src/routes/index.js": {"path":"/home/lamouchefatale/Desktop/sities/authentication-microservice/src/routes/index.js","statementMap":{"0":{"start":{"line":1,"column":16},"end":{"line":1,"column":34}},"1":{"start":{"line":2,"column":14},"end":{"line":2,"column":32}},"2":{"start":{"line":3,"column":13},"end":{"line":3,"column":30}},"3":{"start":{"line":4,"column":13},"end":{"line":4,"column":30}},"4":{"start":{"line":6,"column":15},"end":{"line":6,"column":31}},"5":{"start":{"line":8,"column":0},"end":{"line":8,"column":28}},"6":{"start":{"line":9,"column":0},"end":{"line":9,"column":26}},"7":{"start":{"line":10,"column":0},"end":{"line":10,"column":22}},"8":{"start":{"line":12,"column":0},"end":{"line":12,"column":24}}},"fnMap":{},"branchMap":{},"s":{"0":8,"1":8,"2":8,"3":8,"4":8,"5":8,"6":8,"7":8,"8":8},"f":{},"b":{},"_coverageSchema":"43e27e138ebf9cfc5966b082cf9a028302ed4184","hash":"4ef1e1394fc1cf2d57210f713b46aa0859ea864a","contentHash":"e483e448990a55b01bfe1651dd3318ce8e987ed0e83fd6b3394862a1b3ead721"}
,"/home/lamouchefatale/Desktop/sities/authentication-microservice/src/routes/root.js": {"path":"/home/lamouchefatale/Desktop/sities/authentication-microservice/src/routes/root.js","statementMap":{"0":{"start":{"line":1,"column":16},"end":{"line":1,"column":34}},"1":{"start":{"line":2,"column":13},"end":{"line":2,"column":28}},"2":{"start":{"line":4,"column":15},"end":{"line":4,"column":31}},"3":{"start":{"line":7,"column":13},"end":{"line":7,"column":53}},"4":{"start":{"line":8,"column":0},"end":{"line":8,"column":33}},"5":{"start":{"line":10,"column":0},"end":{"line":10,"column":50}},"6":{"start":{"line":10,"column":30},"end":{"line":10,"column":48}},"7":{"start":{"line":11,"column":0},"end":{"line":11,"column":85}},"8":{"start":{"line":11,"column":38},"end":{"line":11,"column":83}},"9":{"start":{"line":12,"column":0},"end":{"line":12,"column":24}}},"fnMap":{"0":{"name":"(anonymous_0)","decl":{"start":{"line":10,"column":16},"end":{"line":10,"column":17}},"loc":{"start":{"line":10,"column":30},"end":{"line":10,"column":48}},"line":10},"1":{"name":"(anonymous_1)","decl":{"start":{"line":11,"column":24},"end":{"line":11,"column":25}},"loc":{"start":{"line":11,"column":38},"end":{"line":11,"column":83}},"line":11}},"branchMap":{},"s":{"0":8,"1":8,"2":8,"3":8,"4":8,"5":8,"6":1,"7":8,"8":0,"9":8},"f":{"0":1,"1":0},"b":{},"_coverageSchema":"43e27e138ebf9cfc5966b082cf9a028302ed4184","hash":"7826304a8a0093a28d4f75b80cb7fb3ea7a36d78","contentHash":"6c4b644563e52a41ddb356940d26d96e61e33eb37fb52f0ab725eb76ed97c9c6"}
,"/home/lamouchefatale/Desktop/sities/authentication-microservice/src/routes/users.js": {"path":"/home/lamouchefatale/Desktop/sities/authentication-microservice/src/routes/users.js","statementMap":{"0":{"start":{"line":1,"column":16},"end":{"line":1,"column":34}},"1":{"start":{"line":2,"column":52},"end":{"line":2,"column":77}},"2":{"start":{"line":3,"column":29},"end":{"line":3,"column":67}},"3":{"start":{"line":6,"column":15},"end":{"line":6,"column":31}},"4":{"start":{"line":8,"column":13},"end":{"line":8,"column":38}},"5":{"start":{"line":9,"column":14},"end":{"line":9,"column":40}},"6":{"start":{"line":183,"column":0},"end":{"line":209,"column":2}},"7":{"start":{"line":185,"column":22},"end":{"line":185,"column":60}},"8":{"start":{"line":187,"column":36},"end":{"line":187,"column":44}},"9":{"start":{"line":188,"column":4},"end":{"line":207,"column":5}},"10":{"start":{"line":189,"column":19},"end":{"line":189,"column":46}},"11":{"start":{"line":190,"column":6},"end":{"line":195,"column":7}},"12":{"start":{"line":191,"column":8},"end":{"line":194,"column":11}},"13":{"start":{"line":196,"column":22},"end":{"line":200,"column":15}},"14":{"start":{"line":201,"column":6},"end":{"line":204,"column":9}},"15":{"start":{"line":206,"column":6},"end":{"line":206,"column":25}},"16":{"start":{"line":268,"column":0},"end":{"line":295,"column":2}},"17":{"start":{"line":270,"column":22},"end":{"line":270,"column":64}},"18":{"start":{"line":272,"column":30},"end":{"line":272,"column":38}},"19":{"start":{"line":273,"column":4},"end":{"line":293,"column":5}},"20":{"start":{"line":274,"column":19},"end":{"line":274,"column":66}},"21":{"start":{"line":275,"column":6},"end":{"line":280,"column":7}},"22":{"start":{"line":276,"column":8},"end":{"line":279,"column":11}},"23":{"start":{"line":281,"column":6},"end":{"line":286,"column":7}},"24":{"start":{"line":282,"column":8},"end":{"line":285,"column":11}},"25":{"start":{"line":287,"column":6},"end":{"line":290,"column":9}},"26":{"start":{"line":292,"column":6},"end":{"line":292,"column":25}},"27":{"start":{"line":325,"column":0},"end":{"line":347,"column":2}},"28":{"start":{"line":330,"column":17},"end":{"line":330,"column":27}},"29":{"start":{"line":331,"column":4},"end":{"line":345,"column":5}},"30":{"start":{"line":332,"column":19},"end":{"line":332,"column":51}},"31":{"start":{"line":333,"column":6},"end":{"line":338,"column":7}},"32":{"start":{"line":334,"column":8},"end":{"line":337,"column":11}},"33":{"start":{"line":339,"column":6},"end":{"line":342,"column":9}},"34":{"start":{"line":344,"column":6},"end":{"line":344,"column":25}},"35":{"start":{"line":369,"column":0},"end":{"line":393,"column":2}},"36":{"start":{"line":371,"column":22},"end":{"line":371,"column":59}},"37":{"start":{"line":373,"column":20},"end":{"line":373,"column":28}},"38":{"start":{"line":374,"column":4},"end":{"line":391,"column":5}},"39":{"start":{"line":375,"column":19},"end":{"line":375,"column":46}},"40":{"start":{"line":376,"column":6},"end":{"line":381,"column":7}},"41":{"start":{"line":377,"column":8},"end":{"line":380,"column":11}},"42":{"start":{"line":382,"column":20},"end":{"line":382,"column":36}},"43":{"start":{"line":383,"column":6},"end":{"line":383,"column":44}},"44":{"start":{"line":384,"column":6},"end":{"line":387,"column":16}},"45":{"start":{"line":388,"column":6},"end":{"line":388,"column":31}},"46":{"start":{"line":390,"column":6},"end":{"line":390,"column":25}},"47":{"start":{"line":424,"column":0},"end":{"line":456,"column":2}},"48":{"start":{"line":426,"column":22},"end":{"line":426,"column":58}},"49":{"start":{"line":429,"column":23},"end":{"line":429,"column":31}},"50":{"start":{"line":430,"column":20},"end":{"line":430,"column":31}},"51":{"start":{"line":431,"column":4},"end":{"line":454,"column":5}},"52":{"start":{"line":432,"column":19},"end":{"line":432,"column":46}},"53":{"start":{"line":433,"column":6},"end":{"line":438,"column":7}},"54":{"start":{"line":434,"column":8},"end":{"line":437,"column":11}},"55":{"start":{"line":439,"column":20},"end":{"line":439,"column":57}},"56":{"start":{"line":440,"column":6},"end":{"line":445,"column":7}},"57":{"start":{"line":441,"column":8},"end":{"line":444,"column":11}},"58":{"start":{"line":446,"column":6},"end":{"line":446,"column":31}},"59":{"start":{"line":447,"column":6},"end":{"line":447,"column":24}},"60":{"start":{"line":448,"column":6},"end":{"line":451,"column":9}},"61":{"start":{"line":453,"column":6},"end":{"line":453,"column":25}},"62":{"start":{"line":493,"column":0},"end":{"line":516,"column":2}},"63":{"start":{"line":497,"column":22},"end":{"line":497,"column":58}},"64":{"start":{"line":499,"column":17},"end":{"line":499,"column":27}},"65":{"start":{"line":500,"column":4},"end":{"line":514,"column":5}},"66":{"start":{"line":501,"column":19},"end":{"line":501,"column":66}},"67":{"start":{"line":502,"column":6},"end":{"line":507,"column":7}},"68":{"start":{"line":503,"column":8},"end":{"line":506,"column":11}},"69":{"start":{"line":508,"column":6},"end":{"line":511,"column":9}},"70":{"start":{"line":513,"column":6},"end":{"line":513,"column":25}},"71":{"start":{"line":519,"column":0},"end":{"line":519,"column":24}}},"fnMap":{"0":{"name":"(anonymous_0)","decl":{"start":{"line":185,"column":2},"end":{"line":185,"column":3}},"loc":{"start":{"line":185,"column":22},"end":{"line":185,"column":60}},"line":185},"1":{"name":"(anonymous_1)","decl":{"start":{"line":186,"column":2},"end":{"line":186,"column":3}},"loc":{"start":{"line":186,"column":28},"end":{"line":208,"column":3}},"line":186},"2":{"name":"(anonymous_2)","decl":{"start":{"line":270,"column":2},"end":{"line":270,"column":3}},"loc":{"start":{"line":270,"column":22},"end":{"line":270,"column":64}},"line":270},"3":{"name":"(anonymous_3)","decl":{"start":{"line":271,"column":2},"end":{"line":271,"column":3}},"loc":{"start":{"line":271,"column":28},"end":{"line":294,"column":3}},"line":271},"4":{"name":"(anonymous_4)","decl":{"start":{"line":329,"column":2},"end":{"line":329,"column":3}},"loc":{"start":{"line":329,"column":28},"end":{"line":346,"column":3}},"line":329},"5":{"name":"(anonymous_5)","decl":{"start":{"line":371,"column":2},"end":{"line":371,"column":3}},"loc":{"start":{"line":371,"column":22},"end":{"line":371,"column":59}},"line":371},"6":{"name":"(anonymous_6)","decl":{"start":{"line":372,"column":2},"end":{"line":372,"column":3}},"loc":{"start":{"line":372,"column":28},"end":{"line":392,"column":3}},"line":372},"7":{"name":"(anonymous_7)","decl":{"start":{"line":426,"column":2},"end":{"line":426,"column":3}},"loc":{"start":{"line":426,"column":22},"end":{"line":426,"column":58}},"line":426},"8":{"name":"(anonymous_8)","decl":{"start":{"line":428,"column":2},"end":{"line":428,"column":3}},"loc":{"start":{"line":428,"column":28},"end":{"line":455,"column":3}},"line":428},"9":{"name":"(anonymous_9)","decl":{"start":{"line":497,"column":2},"end":{"line":497,"column":3}},"loc":{"start":{"line":497,"column":22},"end":{"line":497,"column":58}},"line":497},"10":{"name":"(anonymous_10)","decl":{"start":{"line":498,"column":2},"end":{"line":498,"column":3}},"loc":{"start":{"line":498,"column":28},"end":{"line":515,"column":3}},"line":498}},"branchMap":{"0":{"loc":{"start":{"line":190,"column":6},"end":{"line":195,"column":7}},"type":"if","locations":[{"start":{"line":190,"column":6},"end":{"line":195,"column":7}},{"start":{"line":190,"column":6},"end":{"line":195,"column":7}}],"line":190},"1":{"loc":{"start":{"line":275,"column":6},"end":{"line":280,"column":7}},"type":"if","locations":[{"start":{"line":275,"column":6},"end":{"line":280,"column":7}},{"start":{"line":275,"column":6},"end":{"line":280,"column":7}}],"line":275},"2":{"loc":{"start":{"line":281,"column":6},"end":{"line":286,"column":7}},"type":"if","locations":[{"start":{"line":281,"column":6},"end":{"line":286,"column":7}},{"start":{"line":281,"column":6},"end":{"line":286,"column":7}}],"line":281},"3":{"loc":{"start":{"line":333,"column":6},"end":{"line":338,"column":7}},"type":"if","locations":[{"start":{"line":333,"column":6},"end":{"line":338,"column":7}},{"start":{"line":333,"column":6},"end":{"line":338,"column":7}}],"line":333},"4":{"loc":{"start":{"line":376,"column":6},"end":{"line":381,"column":7}},"type":"if","locations":[{"start":{"line":376,"column":6},"end":{"line":381,"column":7}},{"start":{"line":376,"column":6},"end":{"line":381,"column":7}}],"line":376},"5":{"loc":{"start":{"line":433,"column":6},"end":{"line":438,"column":7}},"type":"if","locations":[{"start":{"line":433,"column":6},"end":{"line":438,"column":7}},{"start":{"line":433,"column":6},"end":{"line":438,"column":7}}],"line":433},"6":{"loc":{"start":{"line":440,"column":6},"end":{"line":445,"column":7}},"type":"if","locations":[{"start":{"line":440,"column":6},"end":{"line":445,"column":7}},{"start":{"line":440,"column":6},"end":{"line":445,"column":7}}],"line":440},"7":{"loc":{"start":{"line":502,"column":6},"end":{"line":507,"column":7}},"type":"if","locations":[{"start":{"line":502,"column":6},"end":{"line":507,"column":7}},{"start":{"line":502,"column":6},"end":{"line":507,"column":7}}],"line":502}},"s":{"0":8,"1":8,"2":8,"3":8,"4":8,"5":8,"6":8,"7":9,"8":2,"9":2,"10":2,"11":2,"12":1,"13":1,"14":1,"15":0,"16":8,"17":7,"18":3,"19":3,"20":3,"21":3,"22":1,"23":2,"24":1,"25":1,"26":0,"27":8,"28":2,"29":2,"30":2,"31":2,"32":1,"33":1,"34":0,"35":8,"36":4,"37":2,"38":2,"39":2,"40":2,"41":1,"42":1,"43":1,"44":1,"45":1,"46":0,"47":8,"48":7,"49":3,"50":3,"51":3,"52":3,"53":3,"54":1,"55":2,"56":2,"57":1,"58":1,"59":1,"60":1,"61":0,"62":8,"63":6,"64":2,"65":2,"66":2,"67":2,"68":1,"69":1,"70":0,"71":8},"f":{"0":9,"1":2,"2":7,"3":3,"4":2,"5":4,"6":2,"7":7,"8":3,"9":6,"10":2},"b":{"0":[1,1],"1":[1,2],"2":[1,1],"3":[1,1],"4":[1,1],"5":[1,2],"6":[1,1],"7":[1,1]},"_coverageSchema":"43e27e138ebf9cfc5966b082cf9a028302ed4184","hash":"a4af6fa852f863d66e70a58878236fe4dc4d54da","contentHash":"ce0e2eff9812f0b4f9843f0c0174d8b1e4fe8357a4445567f09a26cd1847bab2"}
,"/home/lamouchefatale/Desktop/sities/authentication-microservice/src/utilities/authentication/helpers.js": {"path":"/home/lamouchefatale/Desktop/sities/authentication-microservice/src/utilities/authentication/helpers.js","statementMap":{"0":{"start":{"line":1,"column":45},"end":{"line":1,"column":64}},"1":{"start":{"line":2,"column":15},"end":{"line":2,"column":38}},"2":{"start":{"line":3,"column":15},"end":{"line":3,"column":31}},"3":{"start":{"line":5,"column":0},"end":{"line":27,"column":2}},"4":{"start":{"line":11,"column":4},"end":{"line":14,"column":21}},"5":{"start":{"line":13,"column":14},"end":{"line":13,"column":38}},"6":{"start":{"line":20,"column":39},"end":{"line":20,"column":66}},"7":{"start":{"line":26,"column":22},"end":{"line":26,"column":62}}},"fnMap":{"0":{"name":"(anonymous_0)","decl":{"start":{"line":10,"column":18},"end":{"line":10,"column":19}},"loc":{"start":{"line":11,"column":4},"end":{"line":14,"column":21}},"line":11},"1":{"name":"(anonymous_1)","decl":{"start":{"line":13,"column":6},"end":{"line":13,"column":7}},"loc":{"start":{"line":13,"column":14},"end":{"line":13,"column":38}},"line":13},"2":{"name":"(anonymous_2)","decl":{"start":{"line":20,"column":19},"end":{"line":20,"column":20}},"loc":{"start":{"line":20,"column":39},"end":{"line":20,"column":66}},"line":20},"3":{"name":"(anonymous_3)","decl":{"start":{"line":26,"column":11},"end":{"line":26,"column":12}},"loc":{"start":{"line":26,"column":22},"end":{"line":26,"column":62}},"line":26}},"branchMap":{"0":{"loc":{"start":{"line":10,"column":29},"end":{"line":10,"column":48}},"type":"default-arg","locations":[{"start":{"line":10,"column":46},"end":{"line":10,"column":48}}],"line":10}},"s":{"0":8,"1":8,"2":8,"3":8,"4":7,"5":7,"6":2,"7":8},"f":{"0":7,"1":7,"2":2,"3":8},"b":{"0":[7]},"_coverageSchema":"43e27e138ebf9cfc5966b082cf9a028302ed4184","hash":"ac8cdc03d344bf56ceefa8de6b65af25d54038dd","contentHash":"57bff94c9b2594ec19c27be0add309d2d393fb00016efe7c3578f6504cba62cf"}
,"/home/lamouchefatale/Desktop/sities/authentication-microservice/src/utilities/authentication/index.js": {"path":"/home/lamouchefatale/Desktop/sities/authentication-microservice/src/utilities/authentication/index.js","statementMap":{"0":{"start":{"line":1,"column":16},"end":{"line":1,"column":36}},"1":{"start":{"line":3,"column":0},"end":{"line":3,"column":27}}},"fnMap":{},"branchMap":{},"s":{"0":8,"1":8},"f":{},"b":{},"_coverageSchema":"43e27e138ebf9cfc5966b082cf9a028302ed4184","hash":"f23c65e1fbabf1cd64bbe3a0036a56f7e45aa7f2","contentHash":"e3d8fac2478aca18288e4f655dcdf7552810ba3a4ef3e0684df8184f069dbbad"}
,"/home/lamouchefatale/Desktop/sities/authentication-microservice/src/utilities/validation/constants.js": {"path":"/home/lamouchefatale/Desktop/sities/authentication-microservice/src/utilities/validation/constants.js","statementMap":{"0":{"start":{"line":1,"column":12},"end":{"line":1,"column":13}},"1":{"start":{"line":2,"column":16},"end":{"line":2,"column":20}},"2":{"start":{"line":3,"column":14},"end":{"line":3,"column":22}},"3":{"start":{"line":5,"column":0},"end":{"line":5,"column":39}}},"fnMap":{},"branchMap":{},"s":{"0":8,"1":8,"2":8,"3":8},"f":{},"b":{},"_coverageSchema":"43e27e138ebf9cfc5966b082cf9a028302ed4184","hash":"9b0fbfd05dc4926df539adb01999aa8e56d8769e","contentHash":"138230ec16a8f9023f44f34b32bd11c1e991daad407b99e9de9e047544a304df"}
,"/home/lamouchefatale/Desktop/sities/authentication-microservice/src/utilities/validation/index.js": {"path":"/home/lamouchefatale/Desktop/sities/authentication-microservice/src/utilities/validation/index.js","statementMap":{"0":{"start":{"line":1,"column":18},"end":{"line":1,"column":40}},"1":{"start":{"line":2,"column":16},"end":{"line":2,"column":36}},"2":{"start":{"line":4,"column":0},"end":{"line":7,"column":2}}},"fnMap":{},"branchMap":{},"s":{"0":8,"1":8,"2":8},"f":{},"b":{},"_coverageSchema":"43e27e138ebf9cfc5966b082cf9a028302ed4184","hash":"32fce692005e88753f962bf52024212379697c42","contentHash":"991531bc6e48f9d867100b66a3451c6ea938d7070f4abaa146885076e6e927d3"}
,"/home/lamouchefatale/Desktop/sities/authentication-microservice/src/utilities/validation/schemas.js": {"path":"/home/lamouchefatale/Desktop/sities/authentication-microservice/src/utilities/validation/schemas.js","statementMap":{"0":{"start":{"line":1,"column":16},"end":{"line":1,"column":32}},"1":{"start":{"line":3,"column":12},"end":{"line":3,"column":26}},"2":{"start":{"line":4,"column":21},"end":{"line":4,"column":43}},"3":{"start":{"line":6,"column":14},"end":{"line":10,"column":10}},"4":{"start":{"line":12,"column":17},"end":{"line":15,"column":11}},"5":{"start":{"line":17,"column":13},"end":{"line":18,"column":24}},"6":{"start":{"line":20,"column":16},"end":{"line":20,"column":61}},"7":{"start":{"line":22,"column":21},"end":{"line":25,"column":2}},"8":{"start":{"line":28,"column":17},"end":{"line":32,"column":2}},"9":{"start":{"line":34,"column":15},"end":{"line":41,"column":2}},"10":{"start":{"line":40,"column":46},"end":{"line":40,"column":81}},"11":{"start":{"line":43,"column":15},"end":{"line":43,"column":66}},"12":{"start":{"line":45,"column":0},"end":{"line":47,"column":2}}},"fnMap":{"0":{"name":"(anonymous_0)","decl":{"start":{"line":40,"column":8},"end":{"line":40,"column":9}},"loc":{"start":{"line":40,"column":46},"end":{"line":40,"column":81}},"line":40}},"branchMap":{"0":{"loc":{"start":{"line":40,"column":48},"end":{"line":40,"column":80}},"type":"binary-expr","locations":[{"start":{"line":40,"column":48},"end":{"line":40,"column":56}},{"start":{"line":40,"column":60},"end":{"line":40,"column":68}},{"start":{"line":40,"column":72},"end":{"line":40,"column":80}}],"line":40}},"s":{"0":8,"1":8,"2":8,"3":8,"4":8,"5":8,"6":8,"7":8,"8":8,"9":8,"10":6,"11":8,"12":8},"f":{"0":6},"b":{"0":[6,5,2]},"_coverageSchema":"43e27e138ebf9cfc5966b082cf9a028302ed4184","hash":"903abb2718d9df3211b2bea9112556ca39726ce0","contentHash":"f228f4e7d8f9870ca80fef53455172496b8a446a2a2bea4713073d1de34b89f8"}
}
