TN:
SF:/home/lamouchefatale/Desktop/sities/authentication-microservice/src/index.js
FN:37,(anonymous_0)
FNF:1
FNH:1
FNDA:8,(anonymous_0)
DA:1,8
DA:3,8
DA:4,8
DA:5,8
DA:6,8
DA:7,8
DA:8,8
DA:9,8
DA:10,8
DA:11,8
DA:12,8
DA:14,8
DA:15,8
DA:16,8
DA:20,8
DA:21,8
DA:22,0
DA:24,8
DA:25,8
DA:28,8
DA:31,8
DA:34,8
DA:36,8
DA:37,8
DA:39,8
DA:41,8
LF:26
LH:25
BRDA:21,0,0,0
BRDA:21,0,1,8
BRDA:36,1,0,8
BRDA:36,1,1,0
BRF:4
BRH:2
end_of_record
TN:
SF:/home/lamouchefatale/Desktop/sities/authentication-microservice/src/config/index.js
FNF:0
FNH:0
DA:1,8
DA:3,8
LF:2
LH:2
BRF:0
BRH:0
end_of_record
TN:
SF:/home/lamouchefatale/Desktop/sities/authentication-microservice/src/config/mongoose.js
FN:21,(anonymous_0)
FNF:1
FNH:1
FNDA:8,(anonymous_0)
DA:1,8
DA:3,8
DA:14,8
DA:16,8
DA:21,8
DA:23,8
LF:6
LH:6
BRF:0
BRH:0
end_of_record
TN:
SF:/home/lamouchefatale/Desktop/sities/authentication-microservice/src/middlewares/authorization.js
FN:7,(anonymous_0)
FN:13,(anonymous_1)
FN:18,(anonymous_2)
FN:19,(anonymous_3)
FN:24,(anonymous_4)
FN:29,(anonymous_5)
FN:30,(anonymous_6)
FN:32,(anonymous_7)
FN:33,(anonymous_8)
FN:38,(anonymous_9)
FNF:10
FNH:9
FNDA:19,(anonymous_0)
FNDA:19,(anonymous_1)
FNDA:19,(anonymous_2)
FNDA:0,(anonymous_3)
FNDA:3,(anonymous_4)
FNDA:16,(anonymous_5)
FNDA:16,(anonymous_6)
FNDA:16,(anonymous_7)
FNDA:3,(anonymous_8)
FNDA:13,(anonymous_9)
DA:1,8
DA:2,8
DA:5,8
DA:7,8
DA:12,19
DA:14,19
DA:18,19
DA:19,0
DA:25,3
DA:30,16
DA:31,16
DA:32,16
DA:34,3
DA:39,13
DA:40,13
LF:15
LH:14
BRDA:14,0,0,19
BRDA:14,0,1,19
BRDA:14,0,2,19
BRDA:18,1,0,19
BRDA:18,1,1,16
BRF:5
BRH:5
end_of_record
TN:
SF:/home/lamouchefatale/Desktop/sities/authentication-microservice/src/middlewares/error.js
FN:5,(anonymous_0)
FN:10,(anonymous_1)
FN:16,(anonymous_2)
FN:19,(anonymous_3)
FNF:4
FNH:3
FNDA:0,(anonymous_0)
FNDA:35,(anonymous_1)
FNDA:35,(anonymous_2)
FNDA:35,(anonymous_3)
DA:2,8
DA:4,8
DA:5,0
DA:10,8
DA:15,35
DA:16,35
DA:19,35
LF:7
LH:6
BRF:0
BRH:0
end_of_record
TN:
SF:/home/lamouchefatale/Desktop/sities/authentication-microservice/src/middlewares/identification.js
FN:3,(anonymous_0)
FN:9,(anonymous_1)
FN:10,(anonymous_2)
FN:11,(anonymous_3)
FNF:4
FNH:4
FNDA:10,(anonymous_0)
FNDA:10,(anonymous_1)
FNDA:8,(anonymous_2)
FNDA:2,(anonymous_3)
DA:1,8
DA:3,8
DA:8,10
DA:9,10
DA:10,8
DA:11,2
LF:6
LH:6
BRF:0
BRH:0
end_of_record
TN:
SF:/home/lamouchefatale/Desktop/sities/authentication-microservice/src/middlewares/index.js
FNF:0
FNH:0
DA:1,8
DA:2,8
DA:3,8
DA:4,8
DA:7,8
LF:5
LH:5
BRF:0
BRH:0
end_of_record
TN:
SF:/home/lamouchefatale/Desktop/sities/authentication-microservice/src/middlewares/validation.js
FN:3,(anonymous_0)
FNF:1
FNH:1
FNDA:33,(anonymous_0)
DA:1,8
DA:3,8
DA:8,33
DA:9,33
DA:10,33
DA:11,14
DA:13,19
LF:7
LH:7
BRF:0
BRH:0
end_of_record
TN:
SF:/home/lamouchefatale/Desktop/sities/authentication-microservice/src/models/reset.js
FNF:0
FNH:0
DA:2,8
DA:3,8
DA:4,8
DA:6,8
DA:27,8
DA:29,8
DA:30,8
LF:7
LH:7
BRF:0
BRH:0
end_of_record
TN:
SF:/home/lamouchefatale/Desktop/sities/authentication-microservice/src/models/user.js
FN:39,(anonymous_0)
FN:48,(anonymous_1)
FNF:2
FNH:2
FNDA:7,(anonymous_0)
FNDA:2,(anonymous_1)
DA:2,8
DA:3,8
DA:4,8
DA:5,8
DA:7,8
DA:9,8
DA:35,8
DA:39,8
DA:40,7
DA:41,7
DA:43,7
DA:48,8
DA:49,2
DA:52,8
LF:14
LH:14
BRDA:40,0,0,7
BRDA:40,0,1,0
BRF:2
BRH:1
end_of_record
TN:
SF:/home/lamouchefatale/Desktop/sities/authentication-microservice/src/routes/docs.js
FN:9,(anonymous_0)
FNF:1
FNH:0
FNDA:0,(anonymous_0)
DA:1,8
DA:2,8
DA:4,8
DA:6,8
DA:8,8
DA:9,8
DA:10,0
DA:14,8
LF:8
LH:7
BRF:0
BRH:0
end_of_record
TN:
SF:/home/lamouchefatale/Desktop/sities/authentication-microservice/src/routes/index.js
FNF:0
FNH:0
DA:1,8
DA:2,8
DA:3,8
DA:4,8
DA:6,8
DA:8,8
DA:9,8
DA:10,8
DA:12,8
LF:9
LH:9
BRF:0
BRH:0
end_of_record
TN:
SF:/home/lamouchefatale/Desktop/sities/authentication-microservice/src/routes/root.js
FN:10,(anonymous_0)
FN:11,(anonymous_1)
FNF:2
FNH:1
FNDA:1,(anonymous_0)
FNDA:0,(anonymous_1)
DA:1,8
DA:2,8
DA:4,8
DA:7,8
DA:8,8
DA:10,8
DA:11,8
DA:12,8
LF:8
LH:8
BRF:0
BRH:0
end_of_record
TN:
SF:/home/lamouchefatale/Desktop/sities/authentication-microservice/src/routes/users.js
FN:185,(anonymous_0)
FN:186,(anonymous_1)
FN:270,(anonymous_2)
FN:271,(anonymous_3)
FN:329,(anonymous_4)
FN:371,(anonymous_5)
FN:372,(anonymous_6)
FN:426,(anonymous_7)
FN:428,(anonymous_8)
FN:497,(anonymous_9)
FN:498,(anonymous_10)
FNF:11
FNH:11
FNDA:9,(anonymous_0)
FNDA:2,(anonymous_1)
FNDA:7,(anonymous_2)
FNDA:3,(anonymous_3)
FNDA:2,(anonymous_4)
FNDA:4,(anonymous_5)
FNDA:2,(anonymous_6)
FNDA:7,(anonymous_7)
FNDA:3,(anonymous_8)
FNDA:6,(anonymous_9)
FNDA:2,(anonymous_10)
DA:1,8
DA:2,8
DA:3,8
DA:6,8
DA:8,8
DA:9,8
DA:183,8
DA:185,9
DA:187,2
DA:188,2
DA:189,2
DA:190,2
DA:191,1
DA:196,1
DA:201,1
DA:206,0
DA:268,8
DA:270,7
DA:272,3
DA:273,3
DA:274,3
DA:275,3
DA:276,1
DA:281,2
DA:282,1
DA:287,1
DA:292,0
DA:325,8
DA:330,2
DA:331,2
DA:332,2
DA:333,2
DA:334,1
DA:339,1
DA:344,0
DA:369,8
DA:371,4
DA:373,2
DA:374,2
DA:375,2
DA:376,2
DA:377,1
DA:382,1
DA:383,1
DA:384,1
DA:388,1
DA:390,0
DA:424,8
DA:426,7
DA:429,3
DA:430,3
DA:431,3
DA:432,3
DA:433,3
DA:434,1
DA:439,2
DA:440,2
DA:441,1
DA:446,1
DA:447,1
DA:448,1
DA:453,0
DA:493,8
DA:497,6
DA:499,2
DA:500,2
DA:501,2
DA:502,2
DA:503,1
DA:508,1
DA:513,0
DA:519,8
LF:72
LH:66
BRDA:190,0,0,1
BRDA:190,0,1,1
BRDA:275,1,0,1
BRDA:275,1,1,2
BRDA:281,2,0,1
BRDA:281,2,1,1
BRDA:333,3,0,1
BRDA:333,3,1,1
BRDA:376,4,0,1
BRDA:376,4,1,1
BRDA:433,5,0,1
BRDA:433,5,1,2
BRDA:440,6,0,1
BRDA:440,6,1,1
BRDA:502,7,0,1
BRDA:502,7,1,1
BRF:16
BRH:16
end_of_record
TN:
SF:/home/lamouchefatale/Desktop/sities/authentication-microservice/src/utilities/authentication/helpers.js
FN:10,(anonymous_0)
FN:13,(anonymous_1)
FN:20,(anonymous_2)
FN:26,(anonymous_3)
FNF:4
FNH:4
FNDA:7,(anonymous_0)
FNDA:7,(anonymous_1)
FNDA:2,(anonymous_2)
FNDA:8,(anonymous_3)
DA:1,8
DA:2,8
DA:3,8
DA:5,8
DA:11,7
DA:13,7
DA:20,2
DA:26,8
LF:8
LH:8
BRDA:10,0,0,7
BRF:1
BRH:1
end_of_record
TN:
SF:/home/lamouchefatale/Desktop/sities/authentication-microservice/src/utilities/authentication/index.js
FNF:0
FNH:0
DA:1,8
DA:3,8
LF:2
LH:2
BRF:0
BRH:0
end_of_record
TN:
SF:/home/lamouchefatale/Desktop/sities/authentication-microservice/src/utilities/validation/constants.js
FNF:0
FNH:0
DA:1,8
DA:2,8
DA:3,8
DA:5,8
LF:4
LH:4
BRF:0
BRH:0
end_of_record
TN:
SF:/home/lamouchefatale/Desktop/sities/authentication-microservice/src/utilities/validation/index.js
FNF:0
FNH:0
DA:1,8
DA:2,8
DA:4,8
LF:3
LH:3
BRF:0
BRH:0
end_of_record
TN:
SF:/home/lamouchefatale/Desktop/sities/authentication-microservice/src/utilities/validation/schemas.js
FN:40,(anonymous_0)
FNF:1
FNH:1
FNDA:6,(anonymous_0)
DA:1,8
DA:3,8
DA:4,8
DA:6,8
DA:12,8
DA:17,8
DA:20,8
DA:22,8
DA:28,8
DA:34,8
DA:40,6
DA:43,8
DA:45,8
LF:13
LH:13
BRDA:40,0,0,6
BRDA:40,0,1,5
BRDA:40,0,2,2
BRF:3
BRH:3
end_of_record
