TN:
SF:/home/lamouchefatale/Desktop/sities/authentication-microservice/src/index.js
FN:36,(anonymous_0)
FNF:1
FNH:1
FNDA:8,(anonymous_0)
DA:1,8
DA:3,8
DA:4,8
DA:5,8
DA:6,8
DA:7,8
DA:8,8
DA:9,8
DA:10,8
DA:11,8
DA:12,8
DA:14,8
DA:15,8
DA:16,8
DA:20,8
DA:22,8
DA:26,8
DA:27,8
DA:30,8
DA:33,8
DA:35,8
DA:36,8
DA:38,8
DA:40,8
LF:24
LH:24
BRDA:22,0,0,8
BRDA:35,1,0,8
BRDA:35,1,1,0
BRF:3
BRH:2
end_of_record
TN:
SF:/home/lamouchefatale/Desktop/sities/authentication-microservice/src/config/index.js
FNF:0
FNH:0
DA:1,8
DA:3,8
LF:2
LH:2
BRF:0
BRH:0
end_of_record
TN:
SF:/home/lamouchefatale/Desktop/sities/authentication-microservice/src/config/mongoose.js
FN:20,(anonymous_0)
FNF:1
FNH:0
FNDA:0,(anonymous_0)
DA:1,8
DA:3,8
DA:14,8
DA:16,8
DA:20,8
LF:5
LH:5
BRF:0
BRH:0
end_of_record
TN:
SF:/home/lamouchefatale/Desktop/sities/authentication-microservice/src/middlewares/authorization.js
FN:7,(anonymous_0)
FN:13,(anonymous_1)
FN:18,(anonymous_2)
FN:25,(anonymous_3)
FN:30,(anonymous_4)
FN:31,(anonymous_5)
FN:33,(anonymous_6)
FN:34,(anonymous_7)
FN:39,(anonymous_8)
FNF:9
FNH:9
FNDA:21,(anonymous_0)
FNDA:21,(anonymous_1)
FNDA:21,(anonymous_2)
FNDA:3,(anonymous_3)
FNDA:18,(anonymous_4)
FNDA:18,(anonymous_5)
FNDA:18,(anonymous_6)
FNDA:3,(anonymous_7)
FNDA:15,(anonymous_8)
DA:1,8
DA:2,8
DA:5,8
DA:7,8
DA:12,21
DA:14,21
DA:18,21
DA:26,3
DA:31,18
DA:32,18
DA:33,18
DA:35,3
DA:40,15
DA:41,15
LF:14
LH:14
BRDA:14,0,0,21
BRDA:14,0,1,21
BRDA:14,0,2,21
BRDA:18,1,0,21
BRDA:18,1,1,18
BRF:5
BRH:5
end_of_record
TN:
SF:/home/lamouchefatale/Desktop/sities/authentication-microservice/src/middlewares/error.js
FN:11,(anonymous_0)
FN:17,(anonymous_1)
FN:20,(anonymous_2)
FNF:3
FNH:3
FNDA:38,(anonymous_0)
FNDA:38,(anonymous_1)
FNDA:38,(anonymous_2)
DA:2,8
DA:11,8
DA:16,38
DA:17,38
DA:20,38
LF:5
LH:5
BRF:0
BRH:0
end_of_record
TN:
SF:/home/lamouchefatale/Desktop/sities/authentication-microservice/src/middlewares/identification.js
FN:3,(anonymous_0)
FN:9,(anonymous_1)
FN:13,(anonymous_2)
FN:14,(anonymous_3)
FNF:4
FNH:4
FNDA:12,(anonymous_0)
FNDA:12,(anonymous_1)
FNDA:10,(anonymous_2)
FNDA:2,(anonymous_3)
DA:1,8
DA:3,8
DA:8,12
DA:9,12
DA:13,10
DA:14,2
LF:6
LH:6
BRF:0
BRH:0
end_of_record
TN:
SF:/home/lamouchefatale/Desktop/sities/authentication-microservice/src/middlewares/index.js
FNF:0
FNH:0
DA:1,8
DA:2,8
DA:3,8
DA:4,8
DA:7,8
LF:5
LH:5
BRF:0
BRH:0
end_of_record
TN:
SF:/home/lamouchefatale/Desktop/sities/authentication-microservice/src/middlewares/validation.js
FN:3,(anonymous_0)
FNF:1
FNH:1
FNDA:37,(anonymous_0)
DA:1,8
DA:3,8
DA:8,37
DA:9,37
DA:10,37
DA:11,17
DA:13,20
LF:7
LH:7
BRF:0
BRH:0
end_of_record
TN:
SF:/home/lamouchefatale/Desktop/sities/authentication-microservice/src/models/reset.js
FNF:0
FNH:0
DA:2,8
DA:3,8
DA:4,8
DA:6,8
DA:27,8
DA:29,8
DA:30,8
LF:7
LH:7
BRF:0
BRH:0
end_of_record
TN:
SF:/home/lamouchefatale/Desktop/sities/authentication-microservice/src/models/user.js
FN:42,(anonymous_0)
FN:51,(anonymous_1)
FNF:2
FNH:2
FNDA:14,(anonymous_0)
FNDA:2,(anonymous_1)
DA:2,8
DA:3,8
DA:4,8
DA:5,8
DA:7,8
DA:9,8
DA:38,8
DA:42,8
DA:43,14
DA:44,14
DA:46,14
DA:51,8
DA:52,2
DA:55,8
LF:14
LH:14
BRDA:43,0,0,14
BRDA:43,0,1,0
BRF:2
BRH:1
end_of_record
TN:
SF:/home/lamouchefatale/Desktop/sities/authentication-microservice/src/routes/docs.js
FN:9,(anonymous_0)
FNF:1
FNH:0
FNDA:0,(anonymous_0)
DA:1,8
DA:2,8
DA:4,8
DA:6,8
DA:8,8
DA:9,8
DA:15,8
LF:7
LH:7
BRF:0
BRH:0
end_of_record
TN:
SF:/home/lamouchefatale/Desktop/sities/authentication-microservice/src/routes/index.js
FNF:0
FNH:0
DA:1,8
DA:2,8
DA:3,8
DA:4,8
DA:6,8
DA:8,8
DA:9,8
DA:10,8
DA:12,8
LF:9
LH:9
BRF:0
BRH:0
end_of_record
TN:
SF:/home/lamouchefatale/Desktop/sities/authentication-microservice/src/routes/root.js
FN:9,(anonymous_0)
FNF:1
FNH:1
FNDA:1,(anonymous_0)
DA:1,8
DA:2,8
DA:4,8
DA:6,8
DA:7,8
DA:9,8
DA:11,8
LF:7
LH:7
BRF:0
BRH:0
end_of_record
TN:
SF:/home/lamouchefatale/Desktop/sities/authentication-microservice/src/routes/users.js
FN:185,(anonymous_0)
FN:186,(anonymous_1)
FN:280,(anonymous_2)
FN:281,(anonymous_3)
FN:346,(anonymous_4)
FN:389,(anonymous_5)
FN:390,(anonymous_6)
FN:445,(anonymous_7)
FN:447,(anonymous_8)
FN:517,(anonymous_9)
FN:518,(anonymous_10)
FNF:11
FNH:11
FNDA:10,(anonymous_0)
FNDA:2,(anonymous_1)
FNDA:8,(anonymous_2)
FNDA:4,(anonymous_3)
FNDA:2,(anonymous_4)
FNDA:4,(anonymous_5)
FNDA:2,(anonymous_6)
FNDA:7,(anonymous_7)
FNDA:3,(anonymous_8)
FNDA:8,(anonymous_9)
FNDA:4,(anonymous_10)
DA:1,8
DA:2,8
DA:3,8
DA:6,8
DA:8,8
DA:9,8
DA:183,8
DA:185,10
DA:187,2
DA:188,2
DA:189,2
DA:190,2
DA:191,1
DA:196,1
DA:201,1
DA:278,8
DA:280,8
DA:282,4
DA:283,4
DA:284,4
DA:285,4
DA:286,1
DA:291,3
DA:292,1
DA:297,2
DA:298,1
DA:303,1
DA:342,8
DA:347,2
DA:348,2
DA:349,2
DA:350,2
DA:351,1
DA:356,1
DA:387,8
DA:389,4
DA:391,2
DA:392,2
DA:393,2
DA:394,2
DA:395,1
DA:400,1
DA:401,1
DA:402,1
DA:406,1
DA:443,8
DA:445,7
DA:448,3
DA:449,3
DA:450,3
DA:451,3
DA:452,3
DA:453,1
DA:458,2
DA:459,2
DA:460,1
DA:465,1
DA:466,1
DA:467,1
DA:513,8
DA:517,8
DA:519,4
DA:520,4
DA:521,4
DA:522,4
DA:524,4
DA:525,1
DA:530,3
DA:531,3
DA:532,2
DA:537,1
DA:549,8
LF:72
LH:72
BRDA:190,0,0,1
BRDA:190,0,1,1
BRDA:285,1,0,1
BRDA:285,1,1,3
BRDA:291,2,0,1
BRDA:291,2,1,2
BRDA:297,3,0,1
BRDA:297,3,1,1
BRDA:350,4,0,1
BRDA:350,4,1,1
BRDA:394,5,0,1
BRDA:394,5,1,1
BRDA:452,6,0,1
BRDA:452,6,1,2
BRDA:459,7,0,1
BRDA:459,7,1,1
BRDA:524,8,0,1
BRDA:524,8,1,3
BRDA:524,9,0,4
BRDA:524,9,1,2
BRDA:531,10,0,2
BRDA:531,10,1,1
BRF:22
BRH:22
end_of_record
TN:
SF:/home/lamouchefatale/Desktop/sities/authentication-microservice/src/utilities/authentication/helpers.js
FN:10,(anonymous_0)
FN:13,(anonymous_1)
FN:20,(anonymous_2)
FN:26,(anonymous_3)
FNF:4
FNH:4
FNDA:14,(anonymous_0)
FNDA:14,(anonymous_1)
FNDA:2,(anonymous_2)
FNDA:21,(anonymous_3)
DA:1,8
DA:2,8
DA:3,8
DA:5,8
DA:11,14
DA:13,14
DA:20,2
DA:26,21
LF:8
LH:8
BRDA:10,0,0,14
BRF:1
BRH:1
end_of_record
TN:
SF:/home/lamouchefatale/Desktop/sities/authentication-microservice/src/utilities/authentication/index.js
FNF:0
FNH:0
DA:1,8
DA:3,8
LF:2
LH:2
BRF:0
BRH:0
end_of_record
TN:
SF:/home/lamouchefatale/Desktop/sities/authentication-microservice/src/utilities/validation/constants.js
FNF:0
FNH:0
DA:1,8
DA:2,8
DA:3,8
DA:4,8
DA:6,8
LF:5
LH:5
BRF:0
BRH:0
end_of_record
TN:
SF:/home/lamouchefatale/Desktop/sities/authentication-microservice/src/utilities/validation/fields.js
FNF:0
FNH:0
DA:1,8
DA:2,8
DA:4,8
DA:10,8
DA:15,8
DA:18,8
LF:6
LH:6
BRF:0
BRH:0
end_of_record
TN:
SF:/home/lamouchefatale/Desktop/sities/authentication-microservice/src/utilities/validation/index.js
FNF:0
FNH:0
DA:1,8
DA:2,8
DA:4,8
LF:3
LH:3
BRF:0
BRH:0
end_of_record
TN:
SF:/home/lamouchefatale/Desktop/sities/authentication-microservice/src/utilities/validation/schemas.js
FN:21,(anonymous_0)
FN:30,(anonymous_1)
FNF:2
FNH:2
FNDA:10,(anonymous_0)
FNDA:8,(anonymous_1)
DA:1,8
DA:3,8
DA:5,8
DA:7,8
DA:9,8
DA:15,8
DA:21,10
DA:24,8
DA:30,8
DA:33,8
DA:35,8
LF:11
LH:11
BRDA:30,0,0,8
BRDA:30,0,1,7
BRDA:30,0,2,4
BRF:3
BRH:3
end_of_record
